2019-11-21 09:05:11 INFO     Setting up growers...
2019-11-21 09:05:11 INFO     Grower1: Started Correctly
2019-11-21 09:05:11 INFO     Grower2: Started Correctly
2019-11-21 09:05:11 INFO     Grower3: Started Correctly
2019-11-21 09:05:11 INFO     Grower4: Started Correctly
2019-11-21 09:05:11 INFO     Grower1: MaxDistanceX 11318
2019-11-21 09:05:11 INFO     Grower1: MaxDistanceY 1659
2019-11-21 09:05:11 INFO     Grower2: MaxDistanceX 11318
2019-11-21 09:05:11 INFO     Grower2: MaxDistanceY 1659
2019-11-21 09:05:11 INFO     Grower3: MaxDistanceX 11318
2019-11-21 09:05:11 INFO     Grower3: MaxDistanceY 1659
2019-11-21 09:05:11 INFO     Grower4: MaxDistanceX 11318
2019-11-21 09:05:11 INFO     Grower4: MaxDistanceY 1659
2019-11-21 09:05:11 INFO     EEPROM calibration parameters readed and charged
2019-11-21 09:05:22 WARNING  Grower2: Stepper X2 Stopped
2019-11-21 09:06:24 WARNING  Grower3: Stepper Y Stopped
2019-11-21 09:13:37 WARNING  Grower4: Stepper X2 Stopped
2019-11-21 09:15:41 WARNING  Grower2: Stepper X2 Stopped
2019-11-21 09:21:27 WARNING  Grower4: Stepper X2 Stopped
2019-11-21 09:22:00 WARNING  Grower3: Stepper X1 Stopped
2019-11-21 09:22:00 WARNING  Grower3: Stepper X1 Stopped
2019-11-21 09:22:00 WARNING  Grower3: Stepper X1 Stopped
2019-11-21 09:22:00 WARNING  Grower3: Stepper X1 Stopped
2019-11-21 09:22:00 WARNING  Grower3: Stepper X1 Stopped
2019-11-21 09:22:00 WARNING  Grower2: Stepper X2 Stopped
2019-11-21 09:25:27 WARNING  Grower2: Stepper X1 Stopped
2019-11-21 09:31:16 WARNING  Grower3: Stepper Y Stopped
2019-11-21 09:31:16 WARNING  Grower1: Stepper X1 Stopped
2019-11-21 09:31:16 WARNING  Grower2: Stepper X1 Stopped
2019-11-21 09:31:16 WARNING  Grower4: Stepper X1 Stopped
2019-11-21 09:31:16 WARNING  Grower4: Stepper X2 Stopped
2019-11-21 09:31:16 WARNING  Grower4: Stepper X2 Stopped
2019-11-21 09:35:12 WARNING  Grower4: Time without move exceed. It is time to go home
2019-11-21 09:35:12 INFO     Grower4: Enable
2019-11-21 09:35:12 WARNING  Grower4: Moving to Home
2019-11-21 09:35:12 WARNING  Grower1: Time without move exceed. It is time to go home
2019-11-21 09:35:12 INFO     Grower1: Enable
2019-11-21 09:35:12 WARNING  Grower1: Moving to Home
2019-11-21 09:35:12 WARNING  Grower2: Time without move exceed. It is time to go home
2019-11-21 09:35:13 INFO     Grower2: Enable
2019-11-21 09:35:13 WARNING  Grower2: Moving to Home
2019-11-21 09:35:13 WARNING  Grower3: Time without move exceed. It is time to go home
2019-11-21 09:35:13 INFO     Grower3: Enable
2019-11-21 09:35:13 WARNING  Grower3: Moving to Home
2019-11-21 12:09:15 INFO     Setting up growers...
2019-11-21 12:09:15 INFO     Grower1: Started Correctly
2019-11-21 12:09:15 INFO     Grower2: Started Correctly
2019-11-21 12:09:15 INFO     Grower3: Started Correctly
2019-11-21 12:09:15 INFO     Grower4: Started Correctly
2019-11-21 12:09:15 INFO     Grower1: MaxDistanceX 11318
2019-11-21 12:09:15 INFO     Grower1: MaxDistanceY 1659
2019-11-21 12:09:15 INFO     Grower2: MaxDistanceX 11318
2019-11-21 12:09:15 INFO     Grower2: MaxDistanceY 1659
2019-11-21 12:09:15 INFO     Grower3: MaxDistanceX 11318
2019-11-21 12:09:15 INFO     Grower3: MaxDistanceY 1659
2019-11-21 12:09:15 INFO     Grower4: MaxDistanceX 11318
2019-11-21 12:09:15 INFO     Grower4: MaxDistanceY 1659
2019-11-21 12:09:15 INFO     EEPROM calibration parameters readed and charged
2019-11-21 12:10:26 WARNING  Grower3: Stepper X1 Stopped
2019-11-21 12:10:26 WARNING  Grower3: Stepper X1 Stopped
2019-11-21 12:10:26 WARNING  Grower3: Stepper X1 Stopped
2019-11-21 12:10:26 WARNING  Grower3: Stepper X1 Stopped
2019-11-21 12:10:26 WARNING  Grower3: Stepper X1 Stopped
2019-11-21 12:10:26 WARNING  Grower3: Stepper X2 Stopped
2019-11-21 12:10:26 WARNING  Grower3: Stepper X1 Stopped
2019-11-21 12:10:26 WARNING  Grower3: Stepper X1 Stopped
2019-11-21 12:10:26 WARNING  Grower3: Stepper X2 Stopped
2019-11-21 12:10:26 WARNING  Grower3: Stepper X1 Stopped
2019-11-21 12:10:26 WARNING  Grower3: Stepper X1 Stopped
2019-11-21 12:10:26 WARNING  Grower3: Stepper X2 Stopped
2019-11-21 12:10:27 WARNING  Grower3: Stepper X1 Stopped
2019-11-21 12:10:27 WARNING  Grower3: Stepper X1 Stopped
2019-11-21 12:10:27 WARNING  Grower3: Stepper X1 Stopped
2019-11-21 12:10:27 WARNING  Grower3: Stepper X1 Stopped
2019-11-21 12:10:27 WARNING  Grower3: Stepper X1 Stopped
2019-11-21 12:10:27 WARNING  Grower3: Stepper X1 Stopped
2019-11-21 12:10:27 WARNING  Grower3: Stepper X1 Stopped
2019-11-21 12:10:27 WARNING  Grower3: Stepper X1 Stopped
2019-11-21 12:10:28 WARNING  Grower3: Stepper X1 Stopped
2019-11-21 12:10:28 WARNING  Grower3: Stepper X1 Stopped
2019-11-21 12:10:28 WARNING  Grower3: Stepper X1 Stopped
2019-11-21 12:10:28 WARNING  Grower3: Stepper X1 Stopped
2019-11-21 12:10:28 WARNING  Grower3: Stepper X1 Stopped
2019-11-21 12:10:28 WARNING  Grower3: Stepper X1 Stopped
2019-11-21 12:10:28 WARNING  Grower3: Stepper X1 Stopped
2019-11-21 12:10:28 WARNING  Grower3: Stepper X1 Stopped
2019-11-21 12:10:28 WARNING  Grower3: Stepper X1 Stopped
2019-11-21 12:10:28 WARNING  Grower3: Stepper X1 Stopped
2019-11-21 12:10:28 WARNING  Grower3: Stepper X1 Stopped
2019-11-21 12:10:28 WARNING  Grower3: Stepper X1 Stopped
2019-11-21 12:10:28 WARNING  Grower3: Stepper X1 Stopped
2019-11-21 12:10:28 WARNING  Grower3: Stepper X1 Stopped
2019-11-21 12:10:28 WARNING  Grower3: Stepper X1 Stopped
2019-11-21 12:10:28 WARNING  Grower3: Stepper X1 Stopped
2019-11-21 12:10:28 WARNING  Grower3: Stepper X1 Stopped
2019-11-21 12:10:28 WARNING  Grower3: Stepper X1 Stopped
2019-11-21 12:10:28 WARNING  Grower3: Stepper X1 Stopped
2019-11-21 12:10:28 WARNING  Grower3: Stepper X1 Stopped
2019-11-21 12:10:28 WARNING  Grower3: Stepper X1 Stopped
2019-11-21 12:10:28 WARNING  Grower3: Stepper X1 Stopped
2019-11-21 12:10:28 WARNING  Grower3: Stepper X1 Stopped
2019-11-21 12:10:28 WARNING  Grower3: Stepper X1 Stopped
2019-11-21 12:10:28 WARNING  Grower3: Stepper X1 Stopped
2019-11-21 12:10:28 WARNING  Grower3: Stepper X1 Stopped
2019-11-21 12:10:28 WARNING  Grower3: Stepper X1 Stopped
2019-11-21 12:10:28 WARNING  Grower3: Stepper X1 Stopped
2019-11-21 12:10:28 WARNING  Grower3: Stepper X1 Stopped
2019-11-21 12:10:28 WARNING  Grower3: Stepper X1 Stopped
2019-11-21 12:10:28 WARNING  Grower3: Stepper X1 Stopped
2019-11-21 12:10:28 WARNING  Grower3: Stepper X1 Stopped
2019-11-21 12:10:29 WARNING  Grower3: Stepper X1 Stopped
2019-11-21 12:10:29 WARNING  Grower3: Stepper X1 Stopped
2019-11-21 12:10:29 WARNING  Grower3: Stepper X1 Stopped
2019-11-21 12:10:29 WARNING  Grower3: Stepper X1 Stopped
2019-11-21 12:10:29 WARNING  Grower3: Stepper X1 Stopped
2019-11-21 12:10:29 WARNING  Grower3: Stepper X1 Stopped
2019-11-21 12:10:29 WARNING  Grower3: Stepper X1 Stopped
2019-11-21 12:10:29 WARNING  Grower3: Stepper X1 Stopped
2019-11-21 12:10:29 WARNING  Grower3: Stepper X1 Stopped
2019-11-21 12:10:29 WARNING  Grower3: Stepper X1 Stopped
2019-11-21 12:10:29 WARNING  Grower3: Stepper X1 Stopped
2019-11-21 12:10:29 WARNING  Grower3: Stepper X1 Stopped
2019-11-21 12:10:29 WARNING  Grower3: Stepper X1 Stopped
2019-11-21 12:10:29 WARNING  Grower3: Stepper X1 Stopped
2019-11-21 12:10:29 WARNING  Grower3: Stepper X1 Stopped
2019-11-21 12:10:29 WARNING  Grower3: Stepper X2 Stopped
2019-11-21 12:10:29 WARNING  Grower3: Stepper X1 Stopped
2019-11-21 12:10:29 WARNING  Grower3: Stepper X1 Stopped
2019-11-21 12:10:29 WARNING  Grower3: Stepper X1 Stopped
2019-11-21 12:10:29 WARNING  Grower3: Stepper X1 Stopped
2019-11-21 12:10:29 WARNING  Grower3: Stepper X1 Stopped
2019-11-21 12:10:29 WARNING  Grower3: Stepper X1 Stopped
2019-11-21 12:10:30 WARNING  Grower3: Stepper X1 Stopped
2019-11-21 12:10:30 WARNING  Grower3: Stepper X1 Stopped
2019-11-21 12:10:31 WARNING  Grower3: Stepper X1 Stopped
2019-11-21 12:10:31 WARNING  Grower3: Stepper X1 Stopped
2019-11-21 12:10:31 WARNING  Grower3: Stepper X1 Stopped
2019-11-21 12:10:31 WARNING  Grower3: Stepper X1 Stopped
2019-11-21 12:10:31 WARNING  Grower3: Stepper X1 Stopped
2019-11-21 12:10:31 WARNING  Grower3: Stepper X1 Stopped
2019-11-21 12:10:31 WARNING  Grower3: Stepper X1 Stopped
2019-11-21 12:10:31 WARNING  Grower3: Stepper X1 Stopped
2019-11-21 12:10:31 WARNING  Grower3: Stepper X2 Stopped
2019-11-21 12:10:31 WARNING  Grower3: Stepper X1 Stopped
2019-11-21 12:10:31 WARNING  Grower3: Stepper X1 Stopped
2019-11-21 12:10:31 WARNING  Grower3: Stepper X1 Stopped
2019-11-21 12:10:31 WARNING  Grower3: Stepper X1 Stopped
2019-11-21 12:10:31 WARNING  Grower3: Stepper X1 Stopped
2019-11-21 12:10:31 WARNING  Grower3: Stepper X1 Stopped
2019-11-21 12:10:31 WARNING  Grower3: Stepper X1 Stopped
2019-11-21 12:10:31 WARNING  Grower3: Stepper X1 Stopped
2019-11-21 12:10:31 WARNING  Grower3: Stepper X1 Stopped
2019-11-21 12:10:31 WARNING  Grower3: Stepper X1 Stopped
2019-11-21 12:38:52 WARNING  Grower3: Stepper X1 Stopped
2019-11-21 12:38:53 WARNING  Grower3: Stepper X1 Stopped
2019-11-21 12:38:53 WARNING  Grower3: Stepper X1 Stopped
2019-11-21 12:38:53 WARNING  Grower3: Stepper X1 Stopped
2019-11-21 12:38:53 WARNING  Grower3: Stepper X1 Stopped
2019-11-21 12:38:53 WARNING  Grower3: Stepper X1 Stopped
2019-11-21 12:38:53 WARNING  Grower3: Stepper X1 Stopped
2019-11-21 12:38:53 WARNING  Grower3: Stepper X1 Stopped
2019-11-21 12:38:53 WARNING  Grower3: Stepper X1 Stopped
2019-11-21 12:38:53 WARNING  Grower3: Stepper X1 Stopped
2019-11-21 12:38:53 WARNING  Grower3: Stepper X1 Stopped
2019-11-21 12:38:53 WARNING  Grower3: Stepper X1 Stopped
2019-11-21 12:38:53 WARNING  Grower3: Stepper X1 Stopped
2019-11-21 12:38:53 WARNING  Grower3: Stepper X1 Stopped
2019-11-21 12:38:53 WARNING  Grower3: Stepper X1 Stopped
2019-11-21 12:38:54 WARNING  Grower3: Stepper X1 Stopped
2019-11-21 12:38:54 WARNING  Grower3: Stepper X1 Stopped
2019-11-21 12:38:54 WARNING  Grower3: Stepper X1 Stopped
2019-11-21 12:38:54 WARNING  Grower3: Stepper X1 Stopped
2019-11-21 12:38:54 WARNING  Grower3: Stepper X1 Stopped
2019-11-21 12:38:54 WARNING  Grower3: Stepper X1 Stopped
2019-11-21 12:38:54 WARNING  Grower3: Stepper X1 Stopped
2019-11-21 12:38:54 WARNING  Grower3: Stepper X1 Stopped
2019-11-21 12:38:54 WARNING  Grower3: Stepper X1 Stopped
2019-11-21 12:38:54 WARNING  Grower3: Stepper X1 Stopped
2019-11-21 12:38:54 WARNING  Grower3: Stepper X1 Stopped
2019-11-21 12:38:55 WARNING  Grower3: Stepper X1 Stopped
2019-11-21 12:38:55 WARNING  Grower3: Stepper X1 Stopped
2019-11-21 12:38:55 WARNING  Grower3: Stepper X1 Stopped
2019-11-21 12:38:55 WARNING  Grower3: Stepper X1 Stopped
2019-11-21 12:38:55 WARNING  Grower3: Stepper X1 Stopped
2019-11-21 12:38:55 WARNING  Grower3: Stepper X1 Stopped
2019-11-21 12:38:55 WARNING  Grower3: Stepper X1 Stopped
2019-11-21 12:38:55 WARNING  Grower3: Stepper X1 Stopped
2019-11-21 12:38:55 WARNING  Grower3: Stepper X1 Stopped
2019-11-21 12:38:55 WARNING  Grower3: Stepper X1 Stopped
2019-11-21 12:38:55 WARNING  Grower3: Stepper X1 Stopped
2019-11-21 12:38:55 WARNING  Grower3: Stepper X1 Stopped
2019-11-21 12:38:55 WARNING  Grower3: Stepper X1 Stopped
2019-11-21 12:38:55 WARNING  Grower3: Stepper X1 Stopped
2019-11-21 12:38:55 WARNING  Grower3: Stepper X1 Stopped
2019-11-21 12:38:55 WARNING  Grower3: Stepper X1 Stopped
2019-11-21 12:38:55 WARNING  Grower3: Stepper X1 Stopped
2019-11-21 12:38:55 WARNING  Grower3: Stepper X1 Stopped
2019-11-21 12:38:55 WARNING  Grower3: Stepper X2 Stopped
2019-11-21 12:38:55 WARNING  Grower3: Stepper X1 Stopped
2019-11-21 12:38:55 WARNING  Grower3: Stepper X1 Stopped
2019-11-21 12:38:55 WARNING  Grower3: Stepper X1 Stopped
2019-11-21 12:38:55 WARNING  Grower3: Stepper X1 Stopped
2019-11-21 12:38:55 WARNING  Grower3: Stepper X1 Stopped
2019-11-21 12:38:55 WARNING  Grower3: Stepper X2 Stopped
2019-11-21 12:38:55 WARNING  Grower3: Stepper X1 Stopped
2019-11-21 12:38:55 WARNING  Grower3: Stepper X1 Stopped
2019-11-21 12:38:55 WARNING  Grower3: Stepper X1 Stopped
2019-11-21 12:38:56 WARNING  Grower3: Stepper X1 Stopped
2019-11-21 12:38:56 WARNING  Grower3: Stepper X1 Stopped
2019-11-21 12:38:56 WARNING  Grower3: Stepper X1 Stopped
2019-11-21 12:38:56 WARNING  Grower3: Stepper X1 Stopped
2019-11-21 12:38:56 WARNING  Grower3: Stepper X1 Stopped
2019-11-21 12:38:56 WARNING  Grower3: Stepper X1 Stopped
2019-11-21 12:38:56 WARNING  Grower3: Stepper X1 Stopped
2019-11-21 12:38:56 WARNING  Grower3: Stepper X1 Stopped
2019-11-21 12:38:56 WARNING  Grower3: Stepper X1 Stopped
2019-11-21 12:38:56 WARNING  Grower3: Stepper X1 Stopped
2019-11-21 12:38:56 WARNING  Grower3: Stepper X1 Stopped
2019-11-21 12:38:57 WARNING  Grower3: Stepper X1 Stopped
2019-11-21 12:38:57 WARNING  Grower3: Stepper X1 Stopped
2019-11-21 12:38:57 WARNING  Grower3: Stepper X1 Stopped
2019-11-21 12:38:57 WARNING  Grower3: Stepper X1 Stopped
2019-11-21 12:38:57 WARNING  Grower3: Stepper X2 Stopped
2019-11-21 12:38:57 WARNING  Grower3: Stepper X2 Stopped
2019-11-21 12:38:57 WARNING  Grower3: Stepper X1 Stopped
2019-11-21 12:38:57 WARNING  Grower3: Stepper X1 Stopped
2019-11-21 12:39:17 WARNING  Grower1: Time without move exceed. It is time to go home
2019-11-21 12:39:17 INFO     Grower1: Enable
2019-11-21 12:39:17 WARNING  Grower1: Moving to Home
2019-11-21 12:39:17 WARNING  Grower2: Time without move exceed. It is time to go home
2019-11-21 12:39:17 INFO     Grower2: Enable
2019-11-21 12:39:17 WARNING  Grower2: Moving to Home
2019-11-21 12:39:17 WARNING  Grower3: Time without move exceed. It is time to go home
2019-11-21 12:39:17 INFO     Grower3: Enable
2019-11-21 12:39:17 WARNING  Grower3: Moving to Home
2019-11-21 12:39:17 WARNING  Grower4: Time without move exceed. It is time to go home
2019-11-21 12:39:17 INFO     Grower4: Enable
2019-11-21 12:39:17 WARNING  Grower4: Moving to Home
2019-11-21 12:58:24 INFO     Grower3: Disable
2019-11-21 12:58:24 WARNING  Grower3: Home Reached
2019-11-21 12:58:24 INFO     Grower1: Disable
2019-11-21 12:58:24 WARNING  Grower1: Home Reached
2019-11-21 12:58:24 INFO     Grower2: Disable
2019-11-21 12:58:24 WARNING  Grower2: Home Reached
2019-11-21 12:58:24 INFO     Grower4: Disable
2019-11-21 12:58:24 WARNING  Grower4: Home Reached
2019-11-21 13:02:21 INFO     Setting up growers...
2019-11-21 13:02:21 INFO     Grower1: Started Correctly
2019-11-21 13:02:21 INFO     Grower2: Started Correctly
2019-11-21 13:02:21 INFO     Grower3: Started Correctly
2019-11-21 13:02:21 INFO     Grower4: Started Correctly
2019-11-21 13:02:21 INFO     Grower1: MaxDistanceX 11318
2019-11-21 13:02:21 INFO     Grower1: MaxDistanceY 1659
2019-11-21 13:02:21 INFO     Grower2: MaxDistanceX 11318
2019-11-21 13:02:21 INFO     Grower2: MaxDistanceY 1659
2019-11-21 13:02:21 INFO     Grower3: MaxDistanceX 11318
2019-11-21 13:02:21 INFO     Grower3: MaxDistanceY 1659
2019-11-21 13:02:21 INFO     Grower4: MaxDistanceX 11318
2019-11-21 13:02:21 INFO     Grower4: MaxDistanceY 1659
2019-11-21 13:02:21 INFO     EEPROM calibration parameters readed and charged
2019-11-21 13:03:02 WARNING  Grower4: Stepper Y Stopped
2019-11-21 13:03:02 WARNING  Grower4: Stepper X2 Stopped
2019-11-21 13:07:52 WARNING  Grower2: Stepper X2 Stopped
2019-11-21 13:08:43 WARNING  Grower2: Stepper X2 Stopped
2019-11-21 13:10:48 WARNING  Grower4: Stepper Y Stopped
2019-11-21 13:22:11 WARNING  Grower4: Stepper X1 Stopped
2019-11-21 13:30:03 WARNING  Grower4: Stepper X1 Stopped
2019-11-21 13:32:22 WARNING  Grower4: Time without move exceed. It is time to go home
2019-11-21 13:32:22 INFO     Grower4: Enable
2019-11-21 13:32:22 WARNING  Grower4: Moving to Home
2019-11-21 13:32:22 WARNING  Grower1: Time without move exceed. It is time to go home
2019-11-21 13:32:22 INFO     Grower1: Enable
2019-11-21 13:32:22 WARNING  Grower1: Moving to Home
2019-11-21 13:32:22 WARNING  Grower2: Time without move exceed. It is time to go home
2019-11-21 13:32:22 INFO     Grower2: Enable
2019-11-21 13:32:22 WARNING  Grower2: Moving to Home
2019-11-21 13:32:22 WARNING  Grower3: Time without move exceed. It is time to go home
2019-11-21 13:32:22 INFO     Grower3: Enable
2019-11-21 13:32:22 WARNING  Grower3: Moving to Home
2019-11-21 13:51:30 INFO     Grower4: Disable
2019-11-21 13:51:30 WARNING  Grower4: Home Reached
2019-11-21 13:51:30 INFO     Grower1: Disable
2019-11-21 13:51:30 WARNING  Grower1: Home Reached
2019-11-21 13:51:30 INFO     Grower2: Disable
2019-11-21 13:51:30 WARNING  Grower2: Home Reached
2019-11-21 13:51:30 INFO     Grower3: Disable
2019-11-21 13:51:30 WARNING  Grower3: Home Reached
2019-11-21 13:58:37 WARNING  Grower3: Stepper X1 Stopped
2019-11-21 14:10:21 WARNING  Grower2: Stepper X2 Stopped
2019-11-21 14:32:58 INFO     Setting up growers...
2019-11-21 14:32:58 INFO     Grower1: Started Correctly
2019-11-21 14:32:58 INFO     Grower2: Started Correctly
2019-11-21 14:32:58 INFO     Grower3: Started Correctly
2019-11-21 14:32:58 INFO     Grower4: Started Correctly
2019-11-21 14:32:58 INFO     Grower1: MaxDistanceX 11318
2019-11-21 14:32:58 INFO     Grower1: MaxDistanceY 1659
2019-11-21 14:32:58 INFO     Grower2: MaxDistanceX 11318
2019-11-21 14:32:58 INFO     Grower2: MaxDistanceY 1659
2019-11-21 14:32:58 INFO     Grower3: MaxDistanceX 11318
2019-11-21 14:32:58 INFO     Grower3: MaxDistanceY 1659
2019-11-21 14:32:58 INFO     Grower4: MaxDistanceX 11318
2019-11-21 14:32:58 INFO     Grower4: MaxDistanceY 1659
2019-11-21 14:32:58 INFO     EEPROM calibration parameters readed and charged
2019-11-21 14:33:27 WARNING  Grower3: Stepper X2 Stopped
2019-11-21 14:33:33 WARNING  Grower2: Stepper X1 Stopped
2019-11-21 14:33:35 WARNING  Grower2: Stepper X2 Stopped
2019-11-21 14:33:44 WARNING  Grower2: Stepper X2 Stopped
2019-11-21 14:33:47 WARNING  Grower2: Stepper X2 Stopped
2019-11-21 14:33:53 WARNING  Grower4: Stepper X1 Stopped
2019-11-21 14:34:42 INFO     Setting up growers...
2019-11-21 14:34:42 INFO     Grower1: Started Correctly
2019-11-21 14:34:42 INFO     Grower2: Started Correctly
2019-11-21 14:34:42 INFO     Grower3: Started Correctly
2019-11-21 14:34:42 INFO     Grower4: Started Correctly
2019-11-21 14:34:42 INFO     Grower1: MaxDistanceX 11318
2019-11-21 14:34:42 INFO     Grower1: MaxDistanceY 1659
2019-11-21 14:34:42 INFO     Grower2: MaxDistanceX 11318
2019-11-21 14:34:42 INFO     Grower2: MaxDistanceY 1659
2019-11-21 14:34:42 INFO     Grower3: MaxDistanceX 11318
2019-11-21 14:34:42 INFO     Grower3: MaxDistanceY 1659
2019-11-21 14:34:42 INFO     Grower4: MaxDistanceX 11318
2019-11-21 14:34:42 INFO     Grower4: MaxDistanceY 1659
2019-11-21 14:34:42 INFO     EEPROM calibration parameters readed and charged
2019-11-21 14:34:56 WARNING  Grower2: Stepper X2 Stopped
2019-11-21 14:35:02 WARNING  Grower3: Stepper Y Stopped
2019-11-21 14:35:16 WARNING  Grower2: Stepper X2 Stopped
2019-11-21 14:35:20 WARNING  Grower4: Stepper X1 Stopped
2019-11-21 14:35:22 WARNING  Grower2: Stepper X2 Stopped
2019-11-21 14:35:45 WARNING  Grower2: Stepper X2 Stopped
2019-11-21 14:55:08 INFO     Setting up growers...
2019-11-21 14:55:08 INFO     Grower1: Started Correctly
2019-11-21 14:55:08 INFO     Grower2: Started Correctly
2019-11-21 14:55:08 INFO     Grower3: Started Correctly
2019-11-21 14:55:08 INFO     Grower4: Started Correctly
2019-11-21 14:55:08 INFO     Grower1: MaxDistanceX 11318
2019-11-21 14:55:08 INFO     Grower1: MaxDistanceY 1659
2019-11-21 14:55:08 INFO     Grower2: MaxDistanceX 11318
2019-11-21 14:55:08 INFO     Grower2: MaxDistanceY 1659
2019-11-21 14:55:08 INFO     Grower3: MaxDistanceX 11318
2019-11-21 14:55:08 INFO     Grower3: MaxDistanceY 1659
2019-11-21 14:55:08 INFO     Grower4: MaxDistanceX 11318
2019-11-21 14:55:08 INFO     Grower4: MaxDistanceY 1659
2019-11-21 14:55:08 INFO     EEPROM calibration parameters readed and charged
2019-11-21 14:56:22 WARNING  Grower3: Stepper X1 Stopped
2019-11-21 15:01:49 WARNING  Grower4: Stepper X2 Stopped
2019-11-21 15:08:03 INFO     Setting up growers...
2019-11-21 15:08:03 INFO     Grower1: Started Correctly
2019-11-21 15:08:03 INFO     Grower2: Started Correctly
2019-11-21 15:08:03 INFO     Grower3: Started Correctly
2019-11-21 15:08:03 INFO     Grower4: Started Correctly
2019-11-21 15:08:03 INFO     Grower1: MaxDistanceX 11318
2019-11-21 15:08:03 INFO     Grower1: MaxDistanceY 1659
2019-11-21 15:08:03 INFO     Grower2: MaxDistanceX 11318
2019-11-21 15:08:03 INFO     Grower2: MaxDistanceY 1659
2019-11-21 15:08:03 INFO     Grower3: MaxDistanceX 11318
2019-11-21 15:08:03 INFO     Grower3: MaxDistanceY 1659
2019-11-21 15:08:03 INFO     Grower4: MaxDistanceX 11318
2019-11-21 15:08:03 INFO     Grower4: MaxDistanceY 1659
2019-11-21 15:08:03 INFO     EEPROM calibration parameters readed and charged
2019-11-21 15:09:13 WARNING  Grower4: Stepper X1 Stopped
2019-11-21 15:09:13 WARNING  Grower3: Stepper X1 Stopped
2019-11-21 15:09:13 WARNING  Grower3: Stepper X1 Stopped
2019-11-21 15:09:13 WARNING  Grower3: Stepper X1 Stopped
2019-11-21 15:09:13 WARNING  Grower3: Stepper X1 Stopped
2019-11-21 15:09:13 WARNING  Grower3: Stepper X1 Stopped
2019-11-21 15:09:13 WARNING  Grower3: Stepper X1 Stopped
2019-11-21 15:09:13 WARNING  Grower3: Stepper X1 Stopped
2019-11-21 15:09:13 WARNING  Grower3: Stepper X1 Stopped
2019-11-21 15:09:13 WARNING  Grower3: Stepper X1 Stopped
2019-11-21 15:09:13 WARNING  Grower3: Stepper X1 Stopped
2019-11-21 15:09:14 WARNING  Grower3: Stepper X1 Stopped
2019-11-21 15:09:14 WARNING  Grower3: Stepper X1 Stopped
2019-11-21 15:09:14 WARNING  Grower3: Stepper X1 Stopped
2019-11-21 15:09:14 WARNING  Grower3: Stepper X1 Stopped
2019-11-21 15:09:14 WARNING  Grower3: Stepper X1 Stopped
2019-11-21 15:09:14 WARNING  Grower3: Stepper X1 Stopped
2019-11-21 15:09:14 WARNING  Grower3: Stepper X1 Stopped
2019-11-21 15:09:14 WARNING  Grower3: Stepper X1 Stopped
2019-11-21 15:09:14 WARNING  Grower3: Stepper X1 Stopped
2019-11-21 15:09:14 WARNING  Grower3: Stepper X1 Stopped
2019-11-21 15:09:14 WARNING  Grower3: Stepper X1 Stopped
2019-11-21 15:09:14 WARNING  Grower3: Stepper X1 Stopped
2019-11-21 15:09:15 WARNING  Grower3: Stepper X1 Stopped
2019-11-21 15:09:15 WARNING  Grower3: Stepper X1 Stopped
2019-11-21 15:09:15 WARNING  Grower3: Stepper X1 Stopped
2019-11-21 15:09:15 WARNING  Grower3: Stepper X1 Stopped
2019-11-21 15:09:15 WARNING  Grower3: Stepper X1 Stopped
2019-11-21 15:09:15 WARNING  Grower3: Stepper X1 Stopped
2019-11-21 15:09:15 WARNING  Grower3: Stepper X1 Stopped
2019-11-21 15:09:15 WARNING  Grower3: Stepper X1 Stopped
2019-11-21 15:09:15 WARNING  Grower3: Stepper X1 Stopped
2019-11-21 15:09:15 WARNING  Grower3: Stepper X1 Stopped
2019-11-21 15:09:15 WARNING  Grower3: Stepper X1 Stopped
2019-11-21 15:09:15 WARNING  Grower3: Stepper X1 Stopped
2019-11-21 15:09:15 WARNING  Grower3: Stepper X1 Stopped
2019-11-21 15:09:15 WARNING  Grower3: Stepper X1 Stopped
2019-11-21 15:09:15 WARNING  Grower3: Stepper X1 Stopped
2019-11-21 15:09:15 WARNING  Grower3: Stepper X1 Stopped
2019-11-21 15:09:15 WARNING  Grower3: Stepper X1 Stopped
2019-11-21 15:09:15 WARNING  Grower3: Stepper X1 Stopped
2019-11-21 15:09:15 WARNING  Grower3: Stepper X1 Stopped
2019-11-21 15:09:15 WARNING  Grower3: Stepper X1 Stopped
2019-11-21 15:09:15 WARNING  Grower3: Stepper X1 Stopped
2019-11-21 15:09:15 WARNING  Grower3: Stepper X1 Stopped
2019-11-21 15:09:16 WARNING  Grower3: Stepper X1 Stopped
2019-11-21 15:09:16 WARNING  Grower3: Stepper X1 Stopped
2019-11-21 15:09:16 WARNING  Grower3: Stepper X1 Stopped
2019-11-21 15:09:16 WARNING  Grower3: Stepper X1 Stopped
2019-11-21 15:09:16 WARNING  Grower3: Stepper X1 Stopped
2019-11-21 15:09:16 WARNING  Grower3: Stepper X2 Stopped
2019-11-21 15:09:16 WARNING  Grower3: Stepper X1 Stopped
2019-11-21 15:09:16 WARNING  Grower3: Stepper X1 Stopped
2019-11-21 15:09:16 WARNING  Grower3: Stepper X1 Stopped
2019-11-21 15:09:16 WARNING  Grower3: Stepper X1 Stopped
2019-11-21 15:09:16 WARNING  Grower3: Stepper X1 Stopped
2019-11-21 15:09:16 WARNING  Grower3: Stepper X1 Stopped
2019-11-21 15:09:16 WARNING  Grower3: Stepper X1 Stopped
2019-11-21 15:09:17 WARNING  Grower3: Stepper X1 Stopped
2019-11-21 15:09:17 WARNING  Grower3: Stepper X2 Stopped
2019-11-21 15:09:17 WARNING  Grower3: Stepper X1 Stopped
2019-11-21 15:09:17 WARNING  Grower3: Stepper X1 Stopped
2019-11-21 15:09:17 WARNING  Grower3: Stepper X1 Stopped
2019-11-21 15:09:17 WARNING  Grower3: Stepper X1 Stopped
2019-11-21 15:09:17 WARNING  Grower3: Stepper X1 Stopped
2019-11-21 15:09:17 WARNING  Grower3: Stepper X1 Stopped
2019-11-21 15:09:17 WARNING  Grower3: Stepper X1 Stopped
2019-11-21 15:09:17 WARNING  Grower3: Stepper X1 Stopped
2019-11-21 15:09:17 WARNING  Grower3: Stepper X1 Stopped
2019-11-21 15:09:17 WARNING  Grower3: Stepper X1 Stopped
2019-11-21 15:09:17 WARNING  Grower3: Stepper X2 Stopped
2019-11-21 15:09:17 WARNING  Grower3: Stepper X1 Stopped
2019-11-21 15:09:17 WARNING  Grower3: Stepper X1 Stopped
2019-11-21 15:09:46 WARNING  Grower1: Stepper Y Stopped
2019-11-21 15:16:19 INFO     Setting up growers...
2019-11-21 15:16:19 INFO     Grower1: Started Correctly
2019-11-21 15:16:19 INFO     Grower2: Started Correctly
2019-11-21 15:16:19 INFO     Grower3: Started Correctly
2019-11-21 15:16:19 INFO     Grower4: Started Correctly
2019-11-21 15:16:19 INFO     Grower1: MaxDistanceX 11318
2019-11-21 15:16:19 INFO     Grower1: MaxDistanceY 1659
2019-11-21 15:16:19 INFO     Grower2: MaxDistanceX 11318
2019-11-21 15:16:19 INFO     Grower2: MaxDistanceY 1659
2019-11-21 15:16:19 INFO     Grower3: MaxDistanceX 11318
2019-11-21 15:16:19 INFO     Grower3: MaxDistanceY 1659
2019-11-21 15:16:19 INFO     Grower4: MaxDistanceX 11318
2019-11-21 15:16:19 INFO     Grower4: MaxDistanceY 1659
2019-11-21 15:16:19 INFO     EEPROM calibration parameters readed and charged
2019-11-21 15:19:55 WARNING  Grower2: Stepper X2 Stopped
2019-11-21 15:29:19 WARNING  Grower4: Stepper X1 Stopped
2019-11-21 15:45:42 INFO     Setting up growers...
2019-11-21 15:45:42 INFO     Grower1: Started Correctly
2019-11-21 15:45:42 INFO     Grower2: Started Correctly
2019-11-21 15:45:42 INFO     Grower3: Started Correctly
2019-11-21 15:45:42 INFO     Grower4: Started Correctly
2019-11-21 15:45:42 INFO     Grower1: MaxDistanceX 11318
2019-11-21 15:45:42 INFO     Grower1: MaxDistanceY 1659
2019-11-21 15:45:42 INFO     Grower2: MaxDistanceX 11318
2019-11-21 15:45:42 INFO     Grower2: MaxDistanceY 1659
2019-11-21 15:45:42 INFO     Grower3: MaxDistanceX 11318
2019-11-21 15:45:42 INFO     Grower3: MaxDistanceY 1659
2019-11-21 15:45:42 INFO     Grower4: MaxDistanceX 11318
2019-11-21 15:45:42 INFO     Grower4: MaxDistanceY 1659
2019-11-21 15:45:42 INFO     EEPROM calibration parameters readed and charged
2019-11-21 15:52:13 WARNING  Grower3: Stepper Y Stopped
2019-11-21 15:52:42 WARNING  Grower4: Stepper Y Stopped
2019-11-21 15:53:20 WARNING  Grower3: Stepper X1 Stopped
2019-11-21 15:53:20 WARNING  Grower3: Stepper X1 Stopped
2019-11-21 15:53:20 WARNING  Grower3: Stepper X1 Stopped
2019-11-21 15:53:21 WARNING  Grower3: Stepper X1 Stopped
2019-11-21 15:53:21 WARNING  Grower3: Stepper X1 Stopped
2019-11-21 15:53:21 WARNING  Grower3: Stepper X1 Stopped
2019-11-21 15:53:21 WARNING  Grower3: Stepper X1 Stopped
2019-11-21 15:53:21 WARNING  Grower3: Stepper X1 Stopped
2019-11-21 15:53:21 WARNING  Grower3: Stepper X1 Stopped
2019-11-21 15:53:21 WARNING  Grower3: Stepper X1 Stopped
2019-11-21 15:54:16 WARNING  Grower2: Stepper X1 Stopped
2019-11-21 16:05:35 WARNING  Grower1: Stepper X1 Stopped
2019-11-21 17:08:40 INFO     Setting up growers...
2019-11-21 17:08:40 INFO     Grower1: Started Correctly
2019-11-21 17:08:40 INFO     Grower2: Started Correctly
2019-11-21 17:08:40 INFO     Grower3: Started Correctly
2019-11-21 17:08:40 INFO     Grower4: Started Correctly
2019-11-21 17:08:40 INFO     Grower1: MaxDistanceX 11318
2019-11-21 17:08:40 INFO     Grower1: MaxDistanceY 1659
2019-11-21 17:08:40 INFO     Grower2: MaxDistanceX 11318
2019-11-21 17:08:40 INFO     Grower2: MaxDistanceY 1659
2019-11-21 17:08:40 INFO     Grower3: MaxDistanceX 11318
2019-11-21 17:08:40 INFO     Grower3: MaxDistanceY 1659
2019-11-21 17:08:40 INFO     Grower4: MaxDistanceX 11318
2019-11-21 17:08:40 INFO     Grower4: MaxDistanceY 1659
2019-11-21 17:08:40 INFO     EEPROM calibration parameters readed and charged
2019-11-21 17:17:58 INFO     Setting up growers...
2019-11-21 17:17:58 INFO     Grower1: Started Correctly
2019-11-21 17:17:58 INFO     Grower2: Started Correctly
2019-11-21 17:17:58 INFO     Grower3: Started Correctly
2019-11-21 17:17:58 INFO     Grower4: Started Correctly
2019-11-21 17:17:58 INFO     Grower1: MaxDistanceX 11318
2019-11-21 17:17:58 INFO     Grower1: MaxDistanceY 1659
2019-11-21 17:17:58 INFO     Grower2: MaxDistanceX 11318
2019-11-21 17:17:58 INFO     Grower2: MaxDistanceY 1659
2019-11-21 17:17:58 INFO     Grower3: MaxDistanceX 11318
2019-11-21 17:17:58 INFO     Grower3: MaxDistanceY 1659
2019-11-21 17:17:58 INFO     Grower4: MaxDistanceX 11318
2019-11-21 17:17:58 INFO     Grower4: MaxDistanceY 1659
2019-11-21 17:17:58 INFO     EEPROM calibration parameters readed and charged
2019-11-21 17:18:27 WARNING  Grower2: Stepper Y Stopped
2019-11-21 17:18:29 WARNING  Grower2: Stepper X2 Stopped
2019-11-21 17:18:55 INFO     Setting up growers...
2019-11-21 17:18:55 INFO     Grower1: Started Correctly
2019-11-21 17:18:55 INFO     Grower2: Started Correctly
2019-11-21 17:18:55 INFO     Grower3: Started Correctly
2019-11-21 17:18:55 INFO     Grower4: Started Correctly
2019-11-21 17:18:55 INFO     Grower1: MaxDistanceX 11318
2019-11-21 17:18:55 INFO     Grower1: MaxDistanceY 1659
2019-11-21 17:18:55 INFO     Grower2: MaxDistanceX 11318
2019-11-21 17:18:55 INFO     Grower2: MaxDistanceY 1659
2019-11-21 17:18:55 INFO     Grower3: MaxDistanceX 11318
2019-11-21 17:18:55 INFO     Grower3: MaxDistanceY 1659
2019-11-21 17:18:55 INFO     Grower4: MaxDistanceX 11318
2019-11-21 17:18:55 INFO     Grower4: MaxDistanceY 1659
2019-11-21 17:18:55 INFO     EEPROM calibration parameters readed and charged
2019-11-21 17:19:02 WARNING  Grower1: Stepper X1 Stopped
2019-11-21 17:26:13 WARNING  Grower3: Stepper X1 Stopped
2019-11-21 17:48:08 INFO     Setting up growers...
2019-11-21 17:48:08 INFO     Grower1: Started Correctly
2019-11-21 17:48:08 INFO     Grower2: Started Correctly
2019-11-21 17:48:08 INFO     Grower3: Started Correctly
2019-11-21 17:48:08 INFO     Grower4: Started Correctly
2019-11-21 17:48:08 INFO     Grower1: MaxDistanceX 11318
2019-11-21 17:48:08 INFO     Grower1: MaxDistanceY 1659
2019-11-21 17:48:08 INFO     Grower2: MaxDistanceX 11318
2019-11-21 17:48:08 INFO     Grower2: MaxDistanceY 1659
2019-11-21 17:48:08 INFO     Grower3: MaxDistanceX 11318
2019-11-21 17:48:08 INFO     Grower3: MaxDistanceY 1659
2019-11-21 17:48:08 INFO     Grower4: MaxDistanceX 11318
2019-11-21 17:48:08 INFO     Grower4: MaxDistanceY 1659
2019-11-21 17:48:08 INFO     EEPROM calibration parameters readed and charged
2019-11-21 17:49:08 WARNING  Grower2: Stepper X1 Stopped
2019-11-21 17:49:08 WARNING  Grower2: Stepper X2 Stopped
2019-11-21 17:49:08 WARNING  Grower3: Stepper X1 Stopped
2019-11-21 17:49:08 WARNING  Grower3: Stepper X1 Stopped
2019-11-21 17:49:08 WARNING  Grower3: Stepper X1 Stopped
2019-11-21 17:49:08 WARNING  Grower2: Stepper X1 Stopped
2019-11-21 17:49:08 WARNING  Grower3: Stepper X1 Stopped
2019-11-21 17:49:09 WARNING  Grower1: Stepper X2 Stopped
2019-11-21 17:49:11 WARNING  Grower1: Stepper X1 Stopped
2019-11-21 17:49:11 WARNING  Grower1: Stepper X1 Stopped
2019-11-21 17:49:11 WARNING  Grower4: Stepper X2 Stopped
2019-11-21 17:49:11 WARNING  Grower4: Stepper X1 Stopped
2019-11-21 17:56:08 WARNING  Grower2: Stepper X2 Stopped
2019-11-21 17:58:41 WARNING  Grower1: Stepper X2 Stopped
2019-11-21 17:58:41 WARNING  Grower3: Stepper X1 Stopped
2019-11-21 17:58:41 WARNING  Grower3: Stepper X1 Stopped
2019-11-21 17:58:41 WARNING  Grower3: Stepper X1 Stopped
2019-11-21 17:58:41 WARNING  Grower3: Stepper X1 Stopped
2019-11-21 17:58:41 WARNING  Grower3: Stepper X1 Stopped
2019-11-21 17:58:41 WARNING  Grower3: Stepper X1 Stopped
2019-11-21 17:58:42 WARNING  Grower3: Stepper X1 Stopped
2019-11-21 17:58:42 WARNING  Grower3: Stepper X1 Stopped
2019-11-21 17:58:42 WARNING  Grower3: Stepper X1 Stopped
2019-11-21 17:58:42 WARNING  Grower3: Stepper X1 Stopped
2019-11-21 17:58:42 WARNING  Grower3: Stepper X1 Stopped
2019-11-21 17:58:42 WARNING  Grower3: Stepper X1 Stopped
2019-11-21 17:58:42 WARNING  Grower3: Stepper X1 Stopped
2019-11-21 17:58:42 WARNING  Grower3: Stepper X2 Stopped
2019-11-21 17:58:42 WARNING  Grower3: Stepper X1 Stopped
2019-11-21 17:58:42 WARNING  Grower3: Stepper X1 Stopped
2019-11-21 17:58:42 WARNING  Grower3: Stepper X1 Stopped
2019-11-21 17:58:42 WARNING  Grower3: Stepper X1 Stopped
2019-11-21 17:58:42 WARNING  Grower3: Stepper X1 Stopped
2019-11-21 17:58:42 WARNING  Grower3: Stepper X1 Stopped
2019-11-21 17:58:42 WARNING  Grower3: Stepper X1 Stopped
2019-11-21 17:58:42 WARNING  Grower3: Stepper X1 Stopped
2019-11-21 17:58:42 WARNING  Grower3: Stepper X1 Stopped
2019-11-21 17:58:42 WARNING  Grower3: Stepper X2 Stopped
2019-11-21 17:58:42 WARNING  Grower3: Stepper X1 Stopped
2019-11-21 17:58:42 WARNING  Grower3: Stepper X1 Stopped
2019-11-21 17:58:43 WARNING  Grower3: Stepper X1 Stopped
2019-11-21 17:58:43 WARNING  Grower3: Stepper X1 Stopped
2019-11-21 17:58:43 WARNING  Grower3: Stepper X1 Stopped
2019-11-21 17:58:43 WARNING  Grower3: Stepper X1 Stopped
2019-11-21 17:58:43 WARNING  Grower3: Stepper X1 Stopped
2019-11-21 17:58:43 WARNING  Grower3: Stepper X1 Stopped
2019-11-21 17:58:43 WARNING  Grower3: Stepper X1 Stopped
2019-11-21 17:58:43 WARNING  Grower3: Stepper X1 Stopped
2019-11-21 17:58:43 WARNING  Grower3: Stepper X1 Stopped
2019-11-21 17:58:43 WARNING  Grower3: Stepper X1 Stopped
2019-11-21 17:58:43 WARNING  Grower3: Stepper X1 Stopped
2019-11-21 17:58:43 WARNING  Grower3: Stepper X1 Stopped
2019-11-21 17:58:43 WARNING  Grower3: Stepper X1 Stopped
2019-11-21 17:58:43 WARNING  Grower3: Stepper X1 Stopped
2019-11-21 17:58:43 WARNING  Grower3: Stepper X1 Stopped
2019-11-21 17:58:43 WARNING  Grower3: Stepper X1 Stopped
2019-11-21 17:58:43 WARNING  Grower3: Stepper X1 Stopped
2019-11-21 17:58:43 WARNING  Grower3: Stepper X1 Stopped
2019-11-21 17:58:43 WARNING  Grower3: Stepper X1 Stopped
2019-11-21 17:58:43 WARNING  Grower3: Stepper X1 Stopped
2019-11-21 17:58:44 WARNING  Grower3: Stepper X1 Stopped
2019-11-21 17:58:44 WARNING  Grower3: Stepper X1 Stopped
2019-11-21 17:58:44 WARNING  Grower3: Stepper X1 Stopped
2019-11-21 17:58:44 WARNING  Grower3: Stepper X1 Stopped
2019-11-21 17:58:44 WARNING  Grower3: Stepper X1 Stopped
2019-11-21 17:58:44 WARNING  Grower3: Stepper X1 Stopped
2019-11-21 17:58:44 WARNING  Grower3: Stepper X1 Stopped
2019-11-21 17:58:44 WARNING  Grower3: Stepper X1 Stopped
2019-11-21 17:58:44 WARNING  Grower3: Stepper X2 Stopped
2019-11-21 17:58:44 WARNING  Grower3: Stepper X1 Stopped
2019-11-21 17:58:44 WARNING  Grower3: Stepper X1 Stopped
2019-11-21 17:58:44 WARNING  Grower3: Stepper X1 Stopped
2019-11-21 17:58:44 WARNING  Grower3: Stepper X2 Stopped
2019-11-21 17:58:44 WARNING  Grower3: Stepper X1 Stopped
2019-11-21 17:58:45 WARNING  Grower3: Stepper X1 Stopped
2019-11-21 17:58:45 WARNING  Grower3: Stepper X1 Stopped
2019-11-21 17:58:45 WARNING  Grower3: Stepper X1 Stopped
2019-11-21 17:58:45 WARNING  Grower3: Stepper X1 Stopped
2019-11-21 17:58:45 WARNING  Grower3: Stepper X1 Stopped
2019-11-21 17:58:45 WARNING  Grower3: Stepper X1 Stopped
2019-11-21 17:58:45 WARNING  Grower3: Stepper X1 Stopped
2019-11-21 17:58:45 WARNING  Grower3: Stepper X1 Stopped
2019-11-21 17:58:45 WARNING  Grower3: Stepper X1 Stopped
2019-11-21 17:58:45 WARNING  Grower3: Stepper X1 Stopped
2019-11-21 17:58:45 WARNING  Grower3: Stepper X2 Stopped
2019-11-21 17:58:45 WARNING  Grower3: Stepper X1 Stopped
2019-11-21 17:58:45 WARNING  Grower3: Stepper X1 Stopped
2019-11-21 17:58:45 WARNING  Grower3: Stepper X2 Stopped
2019-11-21 17:58:45 WARNING  Grower3: Stepper X1 Stopped
2019-11-21 17:58:45 WARNING  Grower3: Stepper X1 Stopped
2019-11-21 17:58:45 WARNING  Grower3: Stepper X1 Stopped
2019-11-21 17:58:45 WARNING  Grower3: Stepper X1 Stopped
2019-11-21 17:58:45 WARNING  Grower3: Stepper X1 Stopped
2019-11-21 17:58:45 WARNING  Grower3: Stepper X1 Stopped
2019-11-21 17:58:45 WARNING  Grower3: Stepper X1 Stopped
2019-11-21 17:58:46 WARNING  Grower3: Stepper X1 Stopped
2019-11-21 17:58:46 WARNING  Grower3: Stepper X1 Stopped
2019-11-21 17:58:46 WARNING  Grower3: Stepper X1 Stopped
2019-11-21 17:58:46 WARNING  Grower3: Stepper X1 Stopped
2019-11-21 17:58:46 WARNING  Grower3: Stepper X1 Stopped
2019-11-21 17:59:23 WARNING  Grower3: Stepper X2 Stopped
2019-11-21 18:11:07 WARNING  Grower3: Stepper X2 Stopped
2019-11-21 18:12:35 WARNING  Grower3: Stepper X1 Stopped
2019-11-21 18:18:09 WARNING  Grower4: Time without move exceed. It is time to go home
2019-11-21 18:18:09 INFO     Grower4: Enable
2019-11-21 18:18:09 WARNING  Grower4: Moving to Home
2019-11-21 18:18:09 WARNING  Grower1: Time without move exceed. It is time to go home
2019-11-21 18:18:09 INFO     Grower1: Enable
2019-11-21 18:18:09 WARNING  Grower1: Moving to Home
2019-11-21 18:18:09 WARNING  Grower2: Time without move exceed. It is time to go home
2019-11-21 18:18:09 INFO     Grower2: Enable
2019-11-21 18:18:09 WARNING  Grower2: Moving to Home
2019-11-21 18:18:09 WARNING  Grower3: Time without move exceed. It is time to go home
2019-11-21 18:18:09 INFO     Grower3: Enable
2019-11-21 18:18:09 WARNING  Grower3: Moving to Home
2019-11-21 18:19:41 WARNING  Grower3: Stepper X1 Stopped
2019-11-21 18:19:41 WARNING  Grower3: Stepper X1 Stopped
2019-11-21 18:19:41 WARNING  Grower3: Stepper X1 Stopped
2019-11-21 18:19:41 WARNING  Grower3: Stepper X1 Stopped
2019-11-21 18:35:32 INFO     Grower4: Disable
2019-11-21 18:35:32 WARNING  Grower4: Home Reached
2019-11-21 18:35:32 INFO     Grower1: Disable
2019-11-21 18:35:32 WARNING  Grower1: Home Reached
2019-11-21 18:35:32 INFO     Grower2: Disable
2019-11-21 18:35:32 WARNING  Grower2: Home Reached
2019-11-21 18:35:32 INFO     Grower3: Disable
2019-11-21 18:35:32 WARNING  Grower3: Home Reached
2019-11-21 18:38:38 WARNING  Grower2: Stepper X2 Stopped
2019-11-21 18:43:38 WARNING  Grower2: Stepper X2 Stopped
2019-11-21 19:14:47 WARNING  Grower2: Stepper X2 Stopped
2019-11-21 19:21:08 WARNING  Grower2: Stepper X2 Stopped
