2019-11-21 09:05:11 INFO     Solution Maker: Starting...
2019-11-21 09:05:15 INFO     PH EZO sensor: Started corrrectly
2019-11-21 09:05:15 INFO     EC EZO sensor: Started corrrectly
2019-11-21 09:05:15 INFO     Solution Maker (Temperature readings): It is using an exponencial filter with Alpha = 0.20
2019-11-21 09:05:18 INFO     PH EZO sensor: Temperature parameter has to be positive
2019-11-21 09:05:18 INFO     EC EZO sensor: Temperature parameter has to be positive
2019-11-21 09:05:18 INFO     Solution Maker: Started Correctly
2019-11-21 09:05:18 INFO     Solution Maker (Motor 1): 3 is the new calibration param (motors/pumps)
2019-11-21 09:05:18 INFO     Solution Maker (Motor 2): 4 is the new calibration param (motors/pumps)
2019-11-21 09:05:18 INFO     Solution Maker (Motor 3): 5 is the new calibration param (motors/pumps)
2019-11-21 09:05:18 INFO     Solution Maker (Motor 4): 6 is the new calibration param (motors/pumps)
2019-11-21 09:05:18 INFO     Solution Maker (Pump 1): 3 is the new calibration param (motors/pumps)
2019-11-21 09:05:18 INFO     Solution Maker (Pump 2): 4 is the new calibration param (motors/pumps)
2019-11-21 09:05:18 INFO     Solution Maker (Motor 1): 5 is the new calibration param (ph/ec equations)
2019-11-21 09:05:18 INFO     Solution Maker (Motor 2): 6 is the new calibration param (ph/ec equations)
2019-11-21 09:05:18 INFO     Solution Maker (Motor 3): 3 is the new calibration param (ph/ec equations)
2019-11-21 09:05:18 INFO     Solution Maker (Motor 4): 4 is the new calibration param (ph/ec equations)
2019-11-21 09:05:18 INFO     Solution Maker (Pump 1): 5 is the new calibration param (ph/ec equations)
2019-11-21 09:05:18 INFO     Solution Maker (Pump 2): 6 is the new calibration param (ph/ec equations)
2019-11-21 09:05:18 INFO     EEPROM calibration parameters readed and charged
2019-11-21 09:05:23 INFO     PH EZO sensor: Temperature parameter has to be positive
2019-11-21 09:05:23 INFO     EC EZO sensor: Temperature parameter has to be positive
2019-11-21 09:05:28 INFO     PH EZO sensor: Temperature parameter has to be positive
2019-11-21 09:05:28 INFO     EC EZO sensor: Temperature parameter has to be positive
2019-11-21 09:05:33 INFO     PH EZO sensor: Temperature parameter has to be positive
2019-11-21 09:05:33 INFO     EC EZO sensor: Temperature parameter has to be positive
2019-11-21 09:05:38 INFO     PH EZO sensor: Temperature parameter has to be positive
2019-11-21 09:05:38 INFO     EC EZO sensor: Temperature parameter has to be positive
2019-11-21 09:05:43 INFO     PH EZO sensor: Temperature parameter has to be positive
2019-11-21 09:05:43 INFO     EC EZO sensor: Temperature parameter has to be positive
2019-11-21 09:05:48 INFO     PH EZO sensor: Temperature parameter has to be positive
2019-11-21 09:05:48 INFO     EC EZO sensor: Temperature parameter has to be positive
2019-11-21 09:05:53 INFO     PH EZO sensor: Temperature parameter has to be positive
2019-11-21 09:05:53 INFO     EC EZO sensor: Temperature parameter has to be positive
2019-11-21 09:05:58 INFO     PH EZO sensor: Temperature parameter has to be positive
2019-11-21 09:05:58 INFO     EC EZO sensor: Temperature parameter has to be positive
2019-11-21 09:06:03 INFO     PH EZO sensor: Temperature parameter has to be positive
2019-11-21 09:06:03 INFO     EC EZO sensor: Temperature parameter has to be positive
2019-11-21 09:06:08 INFO     PH EZO sensor: Temperature parameter has to be positive
2019-11-21 09:06:08 INFO     EC EZO sensor: Temperature parameter has to be positive
2019-11-21 09:06:13 INFO     PH EZO sensor: Temperature parameter has to be positive
2019-11-21 09:06:13 INFO     EC EZO sensor: Temperature parameter has to be positive
2019-11-21 09:06:18 INFO     PH EZO sensor: Temperature parameter has to be positive
2019-11-21 09:06:18 INFO     EC EZO sensor: Temperature parameter has to be positive
2019-11-21 09:06:23 INFO     PH EZO sensor: Temperature parameter has to be positive
2019-11-21 09:06:23 INFO     EC EZO sensor: Temperature parameter has to be positive
2019-11-21 09:06:28 INFO     PH EZO sensor: Temperature parameter has to be positive
2019-11-21 09:06:28 INFO     EC EZO sensor: Temperature parameter has to be positive
2019-11-21 09:06:33 INFO     PH EZO sensor: Temperature parameter has to be positive
2019-11-21 09:06:33 INFO     EC EZO sensor: Temperature parameter has to be positive
2019-11-21 09:06:38 INFO     PH EZO sensor: Temperature parameter has to be positive
2019-11-21 09:06:38 INFO     EC EZO sensor: Temperature parameter has to be positive
2019-11-21 09:06:43 INFO     PH EZO sensor: Temperature parameter has to be positive
2019-11-21 09:06:43 INFO     EC EZO sensor: Temperature parameter has to be positive
2019-11-21 09:06:48 INFO     PH EZO sensor: Temperature parameter has to be positive
2019-11-21 09:06:48 INFO     EC EZO sensor: Temperature parameter has to be positive
2019-11-21 09:06:53 INFO     PH EZO sensor: Temperature parameter has to be positive
2019-11-21 09:06:53 INFO     EC EZO sensor: Temperature parameter has to be positive
2019-11-21 09:06:58 INFO     PH EZO sensor: Temperature parameter has to be positive
2019-11-21 09:06:58 INFO     EC EZO sensor: Temperature parameter has to be positive
2019-11-21 09:07:04 INFO     PH EZO sensor: Temperature parameter has to be positive
2019-11-21 09:07:04 INFO     EC EZO sensor: Temperature parameter has to be positive
2019-11-21 09:07:09 INFO     PH EZO sensor: Temperature parameter has to be positive
2019-11-21 09:07:09 INFO     EC EZO sensor: Temperature parameter has to be positive
2019-11-21 09:07:14 INFO     PH EZO sensor: Temperature parameter has to be positive
2019-11-21 09:07:14 INFO     EC EZO sensor: Temperature parameter has to be positive
2019-11-21 09:07:18 INFO     PH EZO sensor: Temperature parameter has to be positive
2019-11-21 09:07:18 INFO     EC EZO sensor: Temperature parameter has to be positive
2019-11-21 09:07:23 INFO     PH EZO sensor: Temperature parameter has to be positive
2019-11-21 09:07:23 INFO     EC EZO sensor: Temperature parameter has to be positive
2019-11-21 09:07:28 INFO     PH EZO sensor: Temperature parameter has to be positive
2019-11-21 09:07:28 INFO     EC EZO sensor: Temperature parameter has to be positive
2019-11-21 09:07:33 INFO     PH EZO sensor: Temperature parameter has to be positive
2019-11-21 09:07:33 INFO     EC EZO sensor: Temperature parameter has to be positive
2019-11-21 09:07:38 INFO     PH EZO sensor: Temperature parameter has to be positive
2019-11-21 09:07:38 INFO     EC EZO sensor: Temperature parameter has to be positive
2019-11-21 09:07:43 INFO     PH EZO sensor: Temperature parameter has to be positive
2019-11-21 09:07:43 INFO     EC EZO sensor: Temperature parameter has to be positive
2019-11-21 09:07:48 INFO     PH EZO sensor: Temperature parameter has to be positive
2019-11-21 09:07:48 INFO     EC EZO sensor: Temperature parameter has to be positive
2019-11-21 09:07:53 INFO     PH EZO sensor: Temperature parameter has to be positive
2019-11-21 09:07:53 INFO     EC EZO sensor: Temperature parameter has to be positive
2019-11-21 09:07:58 INFO     PH EZO sensor: Temperature parameter has to be positive
2019-11-21 09:07:58 INFO     EC EZO sensor: Temperature parameter has to be positive
2019-11-21 09:08:03 INFO     PH EZO sensor: Temperature parameter has to be positive
2019-11-21 09:08:03 INFO     EC EZO sensor: Temperature parameter has to be positive
2019-11-21 09:08:08 INFO     PH EZO sensor: Temperature parameter has to be positive
2019-11-21 09:08:08 INFO     EC EZO sensor: Temperature parameter has to be positive
2019-11-21 09:08:13 INFO     PH EZO sensor: Temperature parameter has to be positive
2019-11-21 09:08:13 INFO     EC EZO sensor: Temperature parameter has to be positive
2019-11-21 09:08:18 INFO     PH EZO sensor: Temperature parameter has to be positive
2019-11-21 09:08:18 INFO     EC EZO sensor: Temperature parameter has to be positive
2019-11-21 09:08:23 INFO     PH EZO sensor: Temperature parameter has to be positive
2019-11-21 09:08:23 INFO     EC EZO sensor: Temperature parameter has to be positive
2019-11-21 09:08:28 INFO     PH EZO sensor: Temperature parameter has to be positive
2019-11-21 09:08:28 INFO     EC EZO sensor: Temperature parameter has to be positive
2019-11-21 09:08:33 INFO     PH EZO sensor: Temperature parameter has to be positive
2019-11-21 09:08:33 INFO     EC EZO sensor: Temperature parameter has to be positive
2019-11-21 09:08:38 INFO     PH EZO sensor: Temperature parameter has to be positive
2019-11-21 09:08:39 INFO     EC EZO sensor: Temperature parameter has to be positive
2019-11-21 09:08:44 INFO     PH EZO sensor: Temperature parameter has to be positive
2019-11-21 09:08:44 INFO     EC EZO sensor: Temperature parameter has to be positive
2019-11-21 09:08:49 INFO     PH EZO sensor: Temperature parameter has to be positive
2019-11-21 09:08:49 INFO     EC EZO sensor: Temperature parameter has to be positive
2019-11-21 09:08:54 INFO     PH EZO sensor: Temperature parameter has to be positive
2019-11-21 09:08:54 INFO     EC EZO sensor: Temperature parameter has to be positive
2019-11-21 09:08:59 INFO     PH EZO sensor: Temperature parameter has to be positive
2019-11-21 09:08:59 INFO     EC EZO sensor: Temperature parameter has to be positive
2019-11-21 09:09:03 INFO     PH EZO sensor: Temperature parameter has to be positive
2019-11-21 09:09:03 INFO     EC EZO sensor: Temperature parameter has to be positive
2019-11-21 09:09:08 INFO     PH EZO sensor: Temperature parameter has to be positive
2019-11-21 09:09:08 INFO     EC EZO sensor: Temperature parameter has to be positive
2019-11-21 09:09:13 INFO     PH EZO sensor: Temperature parameter has to be positive
2019-11-21 09:09:13 INFO     EC EZO sensor: Temperature parameter has to be positive
2019-11-21 09:09:18 INFO     PH EZO sensor: Temperature parameter has to be positive
2019-11-21 09:09:18 INFO     EC EZO sensor: Temperature parameter has to be positive
2019-11-21 09:09:23 INFO     PH EZO sensor: Temperature parameter has to be positive
2019-11-21 09:09:23 INFO     EC EZO sensor: Temperature parameter has to be positive
2019-11-21 09:09:28 INFO     PH EZO sensor: Temperature parameter has to be positive
2019-11-21 09:09:28 INFO     EC EZO sensor: Temperature parameter has to be positive
2019-11-21 09:09:34 INFO     PH EZO sensor: Temperature parameter has to be positive
2019-11-21 09:09:34 INFO     EC EZO sensor: Temperature parameter has to be positive
2019-11-21 09:09:39 INFO     PH EZO sensor: Temperature parameter has to be positive
2019-11-21 09:09:39 INFO     EC EZO sensor: Temperature parameter has to be positive
2019-11-21 09:09:44 INFO     PH EZO sensor: Temperature parameter has to be positive
2019-11-21 09:09:44 INFO     EC EZO sensor: Temperature parameter has to be positive
2019-11-21 09:09:49 INFO     PH EZO sensor: Temperature parameter has to be positive
2019-11-21 09:09:49 INFO     EC EZO sensor: Temperature parameter has to be positive
2019-11-21 09:09:54 INFO     PH EZO sensor: Temperature parameter has to be positive
2019-11-21 09:09:54 INFO     EC EZO sensor: Temperature parameter has to be positive
2019-11-21 09:09:59 INFO     PH EZO sensor: Temperature parameter has to be positive
2019-11-21 09:09:59 INFO     EC EZO sensor: Temperature parameter has to be positive
2019-11-21 09:10:03 INFO     PH EZO sensor: Temperature parameter has to be positive
2019-11-21 09:10:03 INFO     EC EZO sensor: Temperature parameter has to be positive
2019-11-21 09:10:08 INFO     PH EZO sensor: Temperature parameter has to be positive
2019-11-21 09:10:08 INFO     EC EZO sensor: Temperature parameter has to be positive
2019-11-21 09:10:13 INFO     PH EZO sensor: Temperature parameter has to be positive
2019-11-21 09:10:13 INFO     EC EZO sensor: Temperature parameter has to be positive
2019-11-21 09:10:18 INFO     PH EZO sensor: Temperature parameter has to be positive
2019-11-21 09:10:18 INFO     EC EZO sensor: Temperature parameter has to be positive
2019-11-21 09:10:23 INFO     PH EZO sensor: Temperature parameter has to be positive
2019-11-21 09:10:23 INFO     EC EZO sensor: Temperature parameter has to be positive
2019-11-21 09:10:28 INFO     PH EZO sensor: Temperature parameter has to be positive
2019-11-21 09:10:28 INFO     EC EZO sensor: Temperature parameter has to be positive
2019-11-21 09:10:33 INFO     PH EZO sensor: Temperature parameter has to be positive
2019-11-21 09:10:33 INFO     EC EZO sensor: Temperature parameter has to be positive
2019-11-21 09:10:38 INFO     PH EZO sensor: Temperature parameter has to be positive
2019-11-21 09:10:38 INFO     EC EZO sensor: Temperature parameter has to be positive
2019-11-21 09:10:43 INFO     PH EZO sensor: Temperature parameter has to be positive
2019-11-21 09:10:43 INFO     EC EZO sensor: Temperature parameter has to be positive
2019-11-21 09:10:48 INFO     PH EZO sensor: Temperature parameter has to be positive
2019-11-21 09:10:48 INFO     EC EZO sensor: Temperature parameter has to be positive
2019-11-21 09:10:53 INFO     PH EZO sensor: Temperature parameter has to be positive
2019-11-21 09:10:53 INFO     EC EZO sensor: Temperature parameter has to be positive
2019-11-21 09:10:59 INFO     PH EZO sensor: Temperature parameter has to be positive
2019-11-21 09:10:59 INFO     EC EZO sensor: Temperature parameter has to be positive
2019-11-21 09:11:04 INFO     PH EZO sensor: Temperature parameter has to be positive
2019-11-21 09:11:04 INFO     EC EZO sensor: Temperature parameter has to be positive
2019-11-21 09:11:09 INFO     PH EZO sensor: Temperature parameter has to be positive
2019-11-21 09:11:09 INFO     EC EZO sensor: Temperature parameter has to be positive
2019-11-21 09:11:14 INFO     PH EZO sensor: Temperature parameter has to be positive
2019-11-21 09:11:14 INFO     EC EZO sensor: Temperature parameter has to be positive
2019-11-21 09:11:19 INFO     PH EZO sensor: Temperature parameter has to be positive
2019-11-21 09:11:19 INFO     EC EZO sensor: Temperature parameter has to be positive
2019-11-21 09:11:24 INFO     PH EZO sensor: Temperature parameter has to be positive
2019-11-21 09:11:24 INFO     EC EZO sensor: Temperature parameter has to be positive
2019-11-21 09:11:28 INFO     PH EZO sensor: Temperature parameter has to be positive
2019-11-21 09:11:28 INFO     EC EZO sensor: Temperature parameter has to be positive
2019-11-21 09:11:33 INFO     PH EZO sensor: Temperature parameter has to be positive
2019-11-21 09:11:33 INFO     EC EZO sensor: Temperature parameter has to be positive
2019-11-21 09:11:38 INFO     PH EZO sensor: Temperature parameter has to be positive
2019-11-21 09:11:38 INFO     EC EZO sensor: Temperature parameter has to be positive
2019-11-21 09:11:43 INFO     PH EZO sensor: Temperature parameter has to be positive
2019-11-21 09:11:43 INFO     EC EZO sensor: Temperature parameter has to be positive
2019-11-21 09:11:48 INFO     PH EZO sensor: Temperature parameter has to be positive
2019-11-21 09:11:48 INFO     EC EZO sensor: Temperature parameter has to be positive
2019-11-21 09:11:53 INFO     PH EZO sensor: Temperature parameter has to be positive
2019-11-21 09:11:53 INFO     EC EZO sensor: Temperature parameter has to be positive
2019-11-21 09:11:58 INFO     PH EZO sensor: Temperature parameter has to be positive
2019-11-21 09:11:58 INFO     EC EZO sensor: Temperature parameter has to be positive
2019-11-21 09:12:03 INFO     PH EZO sensor: Temperature parameter has to be positive
2019-11-21 09:12:03 INFO     EC EZO sensor: Temperature parameter has to be positive
2019-11-21 09:12:08 INFO     PH EZO sensor: Temperature parameter has to be positive
2019-11-21 09:12:08 INFO     EC EZO sensor: Temperature parameter has to be positive
2019-11-21 09:12:13 INFO     PH EZO sensor: Temperature parameter has to be positive
2019-11-21 09:12:13 INFO     EC EZO sensor: Temperature parameter has to be positive
2019-11-21 09:12:18 INFO     PH EZO sensor: Temperature parameter has to be positive
2019-11-21 09:12:18 INFO     EC EZO sensor: Temperature parameter has to be positive
2019-11-21 09:12:23 INFO     PH EZO sensor: Temperature parameter has to be positive
2019-11-21 09:12:23 INFO     EC EZO sensor: Temperature parameter has to be positive
2019-11-21 09:12:29 INFO     PH EZO sensor: Temperature parameter has to be positive
2019-11-21 09:12:29 INFO     EC EZO sensor: Temperature parameter has to be positive
2019-11-21 09:12:34 INFO     PH EZO sensor: Temperature parameter has to be positive
2019-11-21 09:12:34 INFO     EC EZO sensor: Temperature parameter has to be positive
2019-11-21 09:12:39 INFO     PH EZO sensor: Temperature parameter has to be positive
2019-11-21 09:12:39 INFO     EC EZO sensor: Temperature parameter has to be positive
2019-11-21 09:12:44 INFO     PH EZO sensor: Temperature parameter has to be positive
2019-11-21 09:12:44 INFO     EC EZO sensor: Temperature parameter has to be positive
2019-11-21 09:12:49 INFO     PH EZO sensor: Temperature parameter has to be positive
2019-11-21 09:12:49 INFO     EC EZO sensor: Temperature parameter has to be positive
2019-11-21 09:12:54 INFO     PH EZO sensor: Temperature parameter has to be positive
2019-11-21 09:12:54 INFO     EC EZO sensor: Temperature parameter has to be positive
2019-11-21 09:12:59 INFO     PH EZO sensor: Temperature parameter has to be positive
2019-11-21 09:12:59 INFO     EC EZO sensor: Temperature parameter has to be positive
2019-11-21 09:13:04 INFO     PH EZO sensor: Temperature parameter has to be positive
2019-11-21 09:13:04 INFO     EC EZO sensor: Temperature parameter has to be positive
2019-11-21 09:13:08 INFO     PH EZO sensor: Temperature parameter has to be positive
2019-11-21 09:13:08 INFO     EC EZO sensor: Temperature parameter has to be positive
2019-11-21 09:13:13 INFO     PH EZO sensor: Temperature parameter has to be positive
2019-11-21 09:13:13 INFO     EC EZO sensor: Temperature parameter has to be positive
2019-11-21 09:13:18 INFO     PH EZO sensor: Temperature parameter has to be positive
2019-11-21 09:13:18 INFO     EC EZO sensor: Temperature parameter has to be positive
2019-11-21 09:13:23 INFO     PH EZO sensor: Temperature parameter has to be positive
2019-11-21 09:13:23 INFO     EC EZO sensor: Temperature parameter has to be positive
2019-11-21 09:13:28 INFO     PH EZO sensor: Temperature parameter has to be positive
2019-11-21 09:13:28 INFO     EC EZO sensor: Temperature parameter has to be positive
2019-11-21 09:13:33 INFO     PH EZO sensor: Temperature parameter has to be positive
2019-11-21 09:13:33 INFO     EC EZO sensor: Temperature parameter has to be positive
2019-11-21 09:13:38 INFO     PH EZO sensor: Temperature parameter has to be positive
2019-11-21 09:13:38 INFO     EC EZO sensor: Temperature parameter has to be positive
2019-11-21 09:13:43 INFO     PH EZO sensor: Temperature parameter has to be positive
2019-11-21 09:13:43 INFO     EC EZO sensor: Temperature parameter has to be positive
2019-11-21 09:13:48 INFO     PH EZO sensor: Temperature parameter has to be positive
2019-11-21 09:13:48 INFO     EC EZO sensor: Temperature parameter has to be positive
2019-11-21 09:13:53 INFO     PH EZO sensor: Temperature parameter has to be positive
2019-11-21 09:13:53 INFO     EC EZO sensor: Temperature parameter has to be positive
2019-11-21 09:13:58 INFO     PH EZO sensor: Temperature parameter has to be positive
2019-11-21 09:13:58 INFO     EC EZO sensor: Temperature parameter has to be positive
2019-11-21 09:14:04 INFO     PH EZO sensor: Temperature parameter has to be positive
2019-11-21 09:14:04 INFO     EC EZO sensor: Temperature parameter has to be positive
2019-11-21 09:14:09 INFO     PH EZO sensor: Temperature parameter has to be positive
2019-11-21 09:14:09 INFO     EC EZO sensor: Temperature parameter has to be positive
2019-11-21 09:14:14 INFO     PH EZO sensor: Temperature parameter has to be positive
2019-11-21 09:14:14 INFO     EC EZO sensor: Temperature parameter has to be positive
2019-11-21 09:14:19 INFO     PH EZO sensor: Temperature parameter has to be positive
2019-11-21 09:14:19 INFO     EC EZO sensor: Temperature parameter has to be positive
2019-11-21 09:14:24 INFO     PH EZO sensor: Temperature parameter has to be positive
2019-11-21 09:14:24 INFO     EC EZO sensor: Temperature parameter has to be positive
2019-11-21 09:14:29 INFO     PH EZO sensor: Temperature parameter has to be positive
2019-11-21 09:14:29 INFO     EC EZO sensor: Temperature parameter has to be positive
2019-11-21 09:14:34 INFO     PH EZO sensor: Temperature parameter has to be positive
2019-11-21 09:14:34 INFO     EC EZO sensor: Temperature parameter has to be positive
2019-11-21 09:14:39 INFO     PH EZO sensor: Temperature parameter has to be positive
2019-11-21 09:14:39 INFO     EC EZO sensor: Temperature parameter has to be positive
2019-11-21 09:14:44 INFO     PH EZO sensor: Temperature parameter has to be positive
2019-11-21 09:14:44 INFO     EC EZO sensor: Temperature parameter has to be positive
2019-11-21 09:14:49 INFO     PH EZO sensor: Temperature parameter has to be positive
2019-11-21 09:14:49 INFO     EC EZO sensor: Temperature parameter has to be positive
2019-11-21 09:14:54 INFO     PH EZO sensor: Temperature parameter has to be positive
2019-11-21 09:14:54 INFO     EC EZO sensor: Temperature parameter has to be positive
2019-11-21 09:14:59 INFO     PH EZO sensor: Temperature parameter has to be positive
2019-11-21 09:14:59 INFO     EC EZO sensor: Temperature parameter has to be positive
2019-11-21 09:15:03 INFO     PH EZO sensor: Temperature parameter has to be positive
2019-11-21 09:15:03 INFO     EC EZO sensor: Temperature parameter has to be positive
2019-11-21 09:15:08 INFO     PH EZO sensor: Temperature parameter has to be positive
2019-11-21 09:15:08 INFO     EC EZO sensor: Temperature parameter has to be positive
2019-11-21 09:15:13 INFO     PH EZO sensor: Temperature parameter has to be positive
2019-11-21 09:15:13 INFO     EC EZO sensor: Temperature parameter has to be positive
2019-11-21 09:15:18 INFO     PH EZO sensor: Temperature parameter has to be positive
2019-11-21 09:15:18 INFO     EC EZO sensor: Temperature parameter has to be positive
2019-11-21 09:15:23 INFO     PH EZO sensor: Temperature parameter has to be positive
2019-11-21 09:15:23 INFO     EC EZO sensor: Temperature parameter has to be positive
2019-11-21 09:15:28 INFO     PH EZO sensor: Temperature parameter has to be positive
2019-11-21 09:15:28 INFO     EC EZO sensor: Temperature parameter has to be positive
2019-11-21 09:15:33 INFO     PH EZO sensor: Temperature parameter has to be positive
2019-11-21 09:15:33 INFO     EC EZO sensor: Temperature parameter has to be positive
2019-11-21 09:15:38 INFO     PH EZO sensor: Temperature parameter has to be positive
2019-11-21 09:15:38 INFO     EC EZO sensor: Temperature parameter has to be positive
2019-11-21 09:15:43 INFO     PH EZO sensor: Temperature parameter has to be positive
2019-11-21 09:15:43 INFO     EC EZO sensor: Temperature parameter has to be positive
2019-11-21 09:15:49 INFO     PH EZO sensor: Temperature parameter has to be positive
2019-11-21 09:15:49 INFO     EC EZO sensor: Temperature parameter has to be positive
2019-11-21 09:15:54 INFO     PH EZO sensor: Temperature parameter has to be positive
2019-11-21 09:15:54 INFO     EC EZO sensor: Temperature parameter has to be positive
2019-11-21 09:15:59 INFO     PH EZO sensor: Temperature parameter has to be positive
2019-11-21 09:15:59 INFO     EC EZO sensor: Temperature parameter has to be positive
2019-11-21 09:16:04 INFO     PH EZO sensor: Temperature parameter has to be positive
2019-11-21 09:16:04 INFO     EC EZO sensor: Temperature parameter has to be positive
2019-11-21 09:16:09 INFO     PH EZO sensor: Temperature parameter has to be positive
2019-11-21 09:16:09 INFO     EC EZO sensor: Temperature parameter has to be positive
2019-11-21 09:16:14 INFO     PH EZO sensor: Temperature parameter has to be positive
2019-11-21 09:16:14 INFO     EC EZO sensor: Temperature parameter has to be positive
2019-11-21 09:16:19 INFO     PH EZO sensor: Temperature parameter has to be positive
2019-11-21 09:16:19 INFO     EC EZO sensor: Temperature parameter has to be positive
2019-11-21 09:16:24 INFO     PH EZO sensor: Temperature parameter has to be positive
2019-11-21 09:16:24 INFO     EC EZO sensor: Temperature parameter has to be positive
2019-11-21 09:16:29 INFO     PH EZO sensor: Temperature parameter has to be positive
2019-11-21 09:16:29 INFO     EC EZO sensor: Temperature parameter has to be positive
2019-11-21 09:16:34 INFO     PH EZO sensor: Temperature parameter has to be positive
2019-11-21 09:16:34 INFO     EC EZO sensor: Temperature parameter has to be positive
2019-11-21 09:16:39 INFO     PH EZO sensor: Temperature parameter has to be positive
2019-11-21 09:16:39 INFO     EC EZO sensor: Temperature parameter has to be positive
2019-11-21 09:16:44 INFO     PH EZO sensor: Temperature parameter has to be positive
2019-11-21 09:16:44 INFO     EC EZO sensor: Temperature parameter has to be positive
2019-11-21 09:16:49 INFO     PH EZO sensor: Temperature parameter has to be positive
2019-11-21 09:16:49 INFO     EC EZO sensor: Temperature parameter has to be positive
2019-11-21 09:16:54 INFO     PH EZO sensor: Temperature parameter has to be positive
2019-11-21 09:16:54 INFO     EC EZO sensor: Temperature parameter has to be positive
2019-11-21 09:16:59 INFO     PH EZO sensor: Temperature parameter has to be positive
2019-11-21 09:16:59 INFO     EC EZO sensor: Temperature parameter has to be positive
2019-11-21 09:17:04 INFO     PH EZO sensor: Temperature parameter has to be positive
2019-11-21 09:17:04 INFO     EC EZO sensor: Temperature parameter has to be positive
2019-11-21 09:17:09 INFO     PH EZO sensor: Temperature parameter has to be positive
2019-11-21 09:17:09 INFO     EC EZO sensor: Temperature parameter has to be positive
2019-11-21 09:17:14 INFO     PH EZO sensor: Temperature parameter has to be positive
2019-11-21 09:17:14 INFO     EC EZO sensor: Temperature parameter has to be positive
2019-11-21 09:17:18 INFO     PH EZO sensor: Temperature parameter has to be positive
2019-11-21 09:17:18 INFO     EC EZO sensor: Temperature parameter has to be positive
2019-11-21 09:17:23 INFO     PH EZO sensor: Temperature parameter has to be positive
2019-11-21 09:17:23 INFO     EC EZO sensor: Temperature parameter has to be positive
2019-11-21 09:17:28 INFO     PH EZO sensor: Temperature parameter has to be positive
2019-11-21 09:17:28 INFO     EC EZO sensor: Temperature parameter has to be positive
2019-11-21 09:17:33 INFO     PH EZO sensor: Temperature parameter has to be positive
2019-11-21 09:17:33 INFO     EC EZO sensor: Temperature parameter has to be positive
2019-11-21 09:17:38 INFO     PH EZO sensor: Temperature parameter has to be positive
2019-11-21 09:17:38 INFO     EC EZO sensor: Temperature parameter has to be positive
2019-11-21 09:17:43 INFO     PH EZO sensor: Temperature parameter has to be positive
2019-11-21 09:17:43 INFO     EC EZO sensor: Temperature parameter has to be positive
2019-11-21 09:17:48 INFO     PH EZO sensor: Temperature parameter has to be positive
2019-11-21 09:17:48 INFO     EC EZO sensor: Temperature parameter has to be positive
2019-11-21 09:17:53 INFO     PH EZO sensor: Temperature parameter has to be positive
2019-11-21 09:17:53 INFO     EC EZO sensor: Temperature parameter has to be positive
2019-11-21 09:17:59 INFO     PH EZO sensor: Temperature parameter has to be positive
2019-11-21 09:17:59 INFO     EC EZO sensor: Temperature parameter has to be positive
2019-11-21 09:18:04 INFO     PH EZO sensor: Temperature parameter has to be positive
2019-11-21 09:18:04 INFO     EC EZO sensor: Temperature parameter has to be positive
2019-11-21 09:18:09 INFO     PH EZO sensor: Temperature parameter has to be positive
2019-11-21 09:18:09 INFO     EC EZO sensor: Temperature parameter has to be positive
2019-11-21 09:18:14 INFO     PH EZO sensor: Temperature parameter has to be positive
2019-11-21 09:18:14 INFO     EC EZO sensor: Temperature parameter has to be positive
2019-11-21 09:18:19 INFO     PH EZO sensor: Temperature parameter has to be positive
2019-11-21 09:18:19 INFO     EC EZO sensor: Temperature parameter has to be positive
2019-11-21 09:18:24 INFO     PH EZO sensor: Temperature parameter has to be positive
2019-11-21 09:18:24 INFO     EC EZO sensor: Temperature parameter has to be positive
2019-11-21 09:18:29 INFO     PH EZO sensor: Temperature parameter has to be positive
2019-11-21 09:18:29 INFO     EC EZO sensor: Temperature parameter has to be positive
2019-11-21 09:18:34 INFO     PH EZO sensor: Temperature parameter has to be positive
2019-11-21 09:18:34 INFO     EC EZO sensor: Temperature parameter has to be positive
2019-11-21 09:18:39 INFO     PH EZO sensor: Temperature parameter has to be positive
2019-11-21 09:18:39 INFO     EC EZO sensor: Temperature parameter has to be positive
2019-11-21 09:18:44 INFO     PH EZO sensor: Temperature parameter has to be positive
2019-11-21 09:18:44 INFO     EC EZO sensor: Temperature parameter has to be positive
2019-11-21 09:18:49 INFO     PH EZO sensor: Temperature parameter has to be positive
2019-11-21 09:18:49 INFO     EC EZO sensor: Temperature parameter has to be positive
2019-11-21 09:18:54 INFO     PH EZO sensor: Temperature parameter has to be positive
2019-11-21 09:18:54 INFO     EC EZO sensor: Temperature parameter has to be positive
2019-11-21 09:18:59 INFO     PH EZO sensor: Temperature parameter has to be positive
2019-11-21 09:18:59 INFO     EC EZO sensor: Temperature parameter has to be positive
2019-11-21 09:19:04 INFO     PH EZO sensor: Temperature parameter has to be positive
2019-11-21 09:19:04 INFO     EC EZO sensor: Temperature parameter has to be positive
2019-11-21 09:19:09 INFO     PH EZO sensor: Temperature parameter has to be positive
2019-11-21 09:19:09 INFO     EC EZO sensor: Temperature parameter has to be positive
2019-11-21 09:19:14 INFO     PH EZO sensor: Temperature parameter has to be positive
2019-11-21 09:19:14 INFO     EC EZO sensor: Temperature parameter has to be positive
2019-11-21 09:19:19 INFO     PH EZO sensor: Temperature parameter has to be positive
2019-11-21 09:19:19 INFO     EC EZO sensor: Temperature parameter has to be positive
2019-11-21 09:19:24 INFO     PH EZO sensor: Temperature parameter has to be positive
2019-11-21 09:19:24 INFO     EC EZO sensor: Temperature parameter has to be positive
2019-11-21 09:19:29 INFO     PH EZO sensor: Temperature parameter has to be positive
2019-11-21 09:19:29 INFO     EC EZO sensor: Temperature parameter has to be positive
2019-11-21 09:19:34 INFO     PH EZO sensor: Temperature parameter has to be positive
2019-11-21 09:19:34 INFO     EC EZO sensor: Temperature parameter has to be positive
2019-11-21 09:19:39 INFO     PH EZO sensor: Temperature parameter has to be positive
2019-11-21 09:19:39 INFO     EC EZO sensor: Temperature parameter has to be positive
2019-11-21 09:19:44 INFO     PH EZO sensor: Temperature parameter has to be positive
2019-11-21 09:19:44 INFO     EC EZO sensor: Temperature parameter has to be positive
2019-11-21 09:19:48 INFO     PH EZO sensor: Temper
2019-11-21 09:19:49 INFO     ture parameter has to be positive
2019-11-21 09:19:49 INFO     EC EZO sensor: Temperature parameter has to be positive
2019-11-21 09:19:53 INFO     PH EZO sensor: Temperature parameter has to be positive
2019-11-21 09:19:53 INFO     EC EZO sensor: Temperature parameter has to be positive
2019-11-21 09:19:58 INFO     PH EZO sensor: Temperature parameter has to be positive
2019-11-21 09:19:58 INFO     EC EZO sensor: Temperature parameter has to be positive
2019-11-21 09:20:04 INFO     PH EZO sensor: Temperature parameter has to be positive
2019-11-21 09:20:04 INFO     EC EZO sensor: Temperature parameter has to be positive
2019-11-21 09:20:09 INFO     PH EZO sensor: Temperature parameter has to be positive
2019-11-21 09:20:09 INFO     EC EZO sensor: Temperature parameter has to be positive
2019-11-21 09:20:14 INFO     PH EZO sensor: Temperature parameter has to be positive
2019-11-21 09:20:14 INFO     EC EZO sensor: Temperature parameter has to be positive
2019-11-21 09:20:19 INFO     PH EZO sensor: Temperature parameter has to be positive
2019-11-21 09:20:19 INFO     EC EZO sensor: Temperature parameter has to be positive
2019-11-21 09:20:24 INFO     PH EZO sensor: Temperature parameter has to be positive
2019-11-21 09:20:24 INFO     EC EZO sensor: Temperature parameter has to be positive
2019-11-21 09:20:29 INFO     PH EZO sensor: Temperature parameter has to be positive
2019-11-21 09:20:29 INFO     EC EZO sensor: Temperature parameter has to be positive
2019-11-21 09:20:34 INFO     PH EZO sensor: Temperature parameter has to be positive
2019-11-21 09:20:34 INFO     EC EZO sensor: Temperature parameter has to be positive
2019-11-21 09:20:39 INFO     PH EZO sensor: Temperature parameter has to be positive
2019-11-21 09:20:39 INFO     EC EZO sensor: Temperature parameter has to be positive
2019-11-21 09:20:44 INFO     PH EZO sensor: Temperature parameter has to be positive
2019-11-21 09:20:44 INFO     EC EZO sensor: Temperature parameter has to be positive
2019-11-21 09:20:49 INFO     PH EZO sensor: Temperature parameter has to be positive
2019-11-21 09:20:49 INFO     EC EZO sensor: Temperature parameter has to be positive
2019-11-21 09:20:54 INFO     PH EZO sensor: Temperature parameter has to be positive
2019-11-21 09:20:54 INFO     EC EZO sensor: Temperature parameter has to be positive
2019-11-21 09:20:59 INFO     PH EZO sensor: Temperature parameter has to be positive
2019-11-21 09:20:59 INFO     EC EZO sensor: Temperature parameter has to be positive
2019-11-21 09:21:04 INFO     PH EZO sensor: Temperature parameter has to be positive
2019-11-21 09:21:04 INFO     EC EZO sensor: Temperature parameter has to be positive
2019-11-21 09:21:09 INFO     PH EZO sensor: Temperature parameter has to be positive
2019-11-21 09:21:09 INFO     EC EZO sensor: Temperature parameter has to be positive
2019-11-21 09:21:14 INFO     PH EZO sensor: Temperature parameter has to be positive
2019-11-21 09:21:14 INFO     EC EZO sensor: Temperature parameter has to be positive
2019-11-21 09:21:19 INFO     PH EZO sensor: Temperature parameter has to be positive
2019-11-21 09:21:19 INFO     EC EZO sensor: Temperature parameter has to be positive
2019-11-21 09:21:24 INFO     PH EZO sensor: Temperature parameter has to be positive
2019-11-21 09:21:24 INFO     EC EZO sensor: Temperature parameter has to be positive
2019-11-21 09:21:29 INFO     PH EZO sensor: Temperature parameter has to be positive
2019-11-21 09:21:29 INFO     EC EZO sensor: Temperature parameter has to be positive
2019-11-21 09:21:34 INFO     PH EZO sensor: Temperature parameter has to be positive
2019-11-21 09:21:34 INFO     EC EZO sensor: Temperature parameter has to be positive
2019-11-21 09:21:39 INFO     PH EZO sensor: Temperature parameter has to be positive
2019-11-21 09:21:39 INFO     EC EZO sensor: Temperature parameter has to be positive
2019-11-21 09:21:44 INFO     PH EZO sensor: Temperature parameter has to be positive
2019-11-21 09:21:44 INFO     EC EZO sensor: Temperature parameter has to be positive
2019-11-21 09:21:49 INFO     PH EZO sensor: Temperature parameter has to be positive
2019-11-21 09:21:49 INFO     EC EZO sensor: Temperature parameter has to be positive
2019-11-21 09:21:54 INFO     PH EZO sensor: Temperature parameter has to be positive
2019-11-21 09:21:54 INFO     EC EZO sensor: Temperature parameter has to be positive
2019-11-21 09:21:59 INFO     PH EZO sensor: Temperature parameter has to be positive
2019-11-21 09:21:59 INFO     EC EZO sensor: Temperature parameter has to be positive
2019-11-21 09:22:04 INFO     PH EZO sensor: Temperature parameter has to be positive
2019-11-21 09:22:04 INFO     EC EZO sensor: Temperature parameter has to be positive
2019-11-21 09:22:09 INFO     PH EZO sensor: Temperature parameter has to be positive
2019-11-21 09:22:09 INFO     EC EZO sensor: Temperature parameter has to be positive
2019-11-21 09:22:14 INFO     PH EZO sensor: Temperature parameter has to be positive
2019-11-21 09:22:14 INFO     EC EZO sensor: Temperature parameter has to be positive
2019-11-21 09:22:19 INFO     PH EZO sensor: Temperature parameter has to be positive
2019-11-21 09:22:19 INFO     EC EZO sensor: Temperature parameter has to be positive
2019-11-21 09:22:24 INFO     PH EZO sensor: Temperature parameter has to be positive
2019-11-21 09:22:24 INFO     EC EZO sensor: Temperature parameter has to be positive
2019-11-21 09:22:29 INFO     PH EZO sensor: Temperature parameter has to be positive
2019-11-21 09:22:29 INFO     EC EZO sensor: Temperature parameter has to be positive
2019-11-21 09:22:34 INFO     PH EZO sensor: Temperature parameter has to be positive
2019-11-21 09:22:34 INFO     EC EZO sensor: Temperature parameter has to be positive
2019-11-21 09:22:39 INFO     PH EZO sensor: Temperature parameter has to be positive
2019-11-21 09:22:39 INFO     EC EZO sensor: Temperature parameter has to be positive
2019-11-21 09:22:44 INFO     PH EZO sensor: Temperature parameter has to be positive
2019-11-21 09:22:44 INFO     EC EZO sensor: Temperature parameter has to be positive
2019-11-21 09:22:49 INFO     PH EZO sensor: Temperature parameter has to be positive
2019-11-21 09:22:49 INFO     EC EZO sensor: Temperature parameter has to be positive
2019-11-21 09:22:54 INFO     PH EZO sensor: Temperature parameter has to be positive
2019-11-21 09:22:54 INFO     EC EZO sensor: Temperature parameter has to be positive
2019-11-21 09:22:59 INFO     PH EZO sensor: Temperature parameter has to be positive
2019-11-21 09:22:59 INFO     EC EZO sensor: Temperature parameter has to be positive
2019-11-21 09:23:04 INFO     PH EZO sensor: Temperature parameter has to be positive
2019-11-21 09:23:04 INFO     EC EZO sensor: Temperature parameter has to be positive
2019-11-21 09:23:09 INFO     PH EZO sensor: Temperature parameter has to be positive
2019-11-21 09:23:09 INFO     EC EZO sensor: Temperature parameter has to be positive
2019-11-21 09:23:15 INFO     PH EZO sensor: Temperature parameter has to be positive
2019-11-21 09:23:15 INFO     EC EZO sensor: Temperature parameter has to be positive
2019-11-21 09:23:19 INFO     PH EZO sensor: Temperature parameter has to be positive
2019-11-21 09:23:19 INFO     EC EZO sensor: Temperature parameter has to be positive
2019-11-21 09:23:24 INFO     PH EZO sensor: Temperature parameter has to be positive
2019-11-21 09:23:24 INFO     EC EZO sensor: Temperature parameter has to be positive
2019-11-21 09:23:29 INFO     PH EZO sensor: Temperature parameter has to be positive
2019-11-21 09:23:29 INFO     EC EZO sensor: Temperature parameter has to be positive
2019-11-21 09:23:34 INFO     PH EZO sensor: Temperature parameter has to be positive
2019-11-21 09:23:34 INFO     EC EZO sensor: Temperature parameter has to be positive
2019-11-21 09:23:39 INFO     PH EZO sensor: Temperature parameter has to be positive
2019-11-21 09:23:39 INFO     EC EZO sensor: Temperature parameter has to be positive
2019-11-21 09:23:44 INFO     PH EZO sensor: Temperature parameter has to be positive
2019-11-21 09:23:44 INFO     EC EZO sensor: Temperature parameter has to be positive
2019-11-21 09:23:49 INFO     PH EZO sensor: Temperature parameter has to be positive
2019-11-21 09:23:49 INFO     EC EZO sensor: Temperature parameter has to be positive
2019-11-21 09:23:54 INFO     PH EZO sensor: Temperature parameter has to be positive
2019-11-21 09:23:54 INFO     EC EZO sensor: Temperature parameter has to be positive
2019-11-21 09:23:59 INFO     PH EZO sensor: Temperature parameter has to be positive
2019-11-21 09:23:59 INFO     EC EZO sensor: Temperature parameter has to be positive
2019-11-21 09:24:04 INFO     PH EZO sensor: Temperature parameter has to be positive
2019-11-21 09:24:04 INFO     EC EZO sensor: Temperature parameter has to be positive
2019-11-21 09:24:09 INFO     PH EZO sensor: Temperature parameter has to be positive
2019-11-21 09:24:09 INFO     EC EZO sensor: Temperature parameter has to be positive
2019-11-21 09:24:14 INFO     PH EZO sensor: Temperature parameter has to be positive
2019-11-21 09:24:14 INFO     EC EZO sensor: Temperature parameter has to be positive
2019-11-21 09:24:19 INFO     PH EZO sensor: Temperature parameter has to be positive
2019-11-21 09:24:19 INFO     EC EZO sensor: Temperature parameter has to be positive
2019-11-21 09:24:24 INFO     PH EZO sensor: Temperature parameter has to be positive
2019-11-21 09:24:24 INFO     EC EZO sensor: Temperature parameter has to be positive
2019-11-21 09:24:29 INFO     PH EZO sensor: Temperature parameter has to be positive
2019-11-21 09:24:29 INFO     EC EZO sensor: Temperature parameter has to be positive
2019-11-21 09:24:35 INFO     PH EZO sensor: Temperature parameter has to be positive
2019-11-21 09:24:35 INFO     EC EZO sensor: Temperature parameter has to be positive
2019-11-21 09:24:40 INFO     PH EZO sensor: Temperature parameter has to be positive
2019-11-21 09:24:40 INFO     EC EZO sensor: Temperature parameter has to be positive
2019-11-21 09:24:44 INFO     PH EZO sensor: Temperature parameter has to be positive
2019-11-21 09:24:44 INFO     EC EZO sensor: Temperature parameter has to be positive
2019-11-21 09:24:49 INFO     PH EZO sensor: Temperature parameter has to be positive
2019-11-21 09:24:49 INFO     EC EZO sensor: Temperature parameter has to be positive
2019-11-21 09:24:54 INFO     PH EZO sensor: Temperature parameter has to be positive
2019-11-21 09:24:54 INFO     EC EZO sensor: Temperature parameter has to be positive
2019-11-21 09:24:59 INFO     PH EZO sensor: Temperature parameter has to be positive
2019-11-21 09:24:59 INFO     EC EZO sensor: Temperature parameter has to be positive
2019-11-21 09:25:04 INFO     PH EZO sensor: Temperature parameter has to be positive
2019-11-21 09:25:04 INFO     EC EZO sensor: Temperature parameter has to be positive
2019-11-21 09:25:09 INFO     PH EZO sensor: Temperature parameter has to be positive
2019-11-21 09:25:09 INFO     EC EZO sensor: Temperature parameter has to be positive
2019-11-21 09:25:14 INFO     PH EZO sensor: Temperature parameter has to be positive
2019-11-21 09:25:14 INFO     EC EZO sensor: Temperature parameter has to be positive
2019-11-21 09:25:19 INFO     PH EZO sensor: Temperature parameter has to be positive
2019-11-21 09:25:19 INFO     EC EZO sensor: Temperature parameter has to be positive
2019-11-21 09:25:24 INFO     PH EZO sensor: Temperature parameter has to be positive
2019-11-21 09:25:24 INFO     EC EZO sensor: Temperature parameter has to be positive
2019-11-21 09:25:29 INFO     PH EZO sensor: Temperature parameter has to be positive
2019-11-21 09:25:29 INFO     EC EZO sensor: Temperature parameter has to be positive
2019-11-21 09:25:34 INFO     PH EZO sensor: Temperature parameter has to be positive
2019-11-21 09:25:34 INFO     EC EZO sensor: Temperature parameter has to be positive
2019-11-21 09:25:39 INFO     PH EZO sensor: Temperature parameter has to be positive
2019-11-21 09:25:39 INFO     EC EZO sensor: Temperature parameter has to be positive
2019-11-21 09:25:45 INFO     PH EZO sensor: Temperature parameter has to be positive
2019-11-21 09:25:45 INFO     EC EZO sensor: Temperature parameter has to be positive
2019-11-21 09:25:50 INFO     PH EZO sensor: Temperature parameter has to be positive
2019-11-21 09:25:50 INFO     EC EZO sensor: Temperature parameter has to be positive
2019-11-21 09:25:55 INFO     PH EZO sensor: Temperature parameter has to be positive
2019-11-21 09:25:55 INFO     EC EZO sensor: Temperature parameter has to be positive
2019-11-21 09:25:59 INFO     PH EZO sensor: Temperature parameter has to be positive
2019-11-21 09:25:59 INFO     EC EZO sensor: Temperature parameter has to be positive
2019-11-21 09:26:04 INFO     PH EZO sensor: Temperature parameter has to be positive
2019-11-21 09:26:04 INFO     EC EZO sensor: Temperature parameter has to be positive
2019-11-21 09:26:09 INFO     PH EZO sensor: Temperature parameter has to be positive
2019-11-21 09:26:09 INFO     EC EZO sensor: Temperature parameter has to be positive
2019-11-21 09:26:14 INFO     PH EZO sensor: Temperature parameter has to be positive
2019-11-21 09:26:14 INFO     EC EZO sensor: Temperature parameter has to be positive
2019-11-21 09:26:19 INFO     PH EZO sensor: Temperature parameter has to be positive
2019-11-21 09:26:19 INFO     EC EZO sensor: Temperature parameter has to be positive
2019-11-21 09:26:24 INFO     PH EZO sensor: Temperature parameter has to be positive
2019-11-21 09:26:24 INFO     EC EZO sensor: Temperature parameter has to be positive
2019-11-21 09:26:29 INFO     PH EZO sensor: Temperature parameter has to be positive
2019-11-21 09:26:29 INFO     EC EZO sensor: Temperature parameter has to be positive
2019-11-21 09:26:34 INFO     PH EZO sensor: Temperature parameter has to be positive
2019-11-21 09:26:34 INFO     EC EZO sensor: Temperature parameter has to be positive
2019-11-21 09:26:39 INFO     PH EZO sensor: Temperature parameter has to be positive
2019-11-21 09:26:39 INFO     EC EZO sensor: Temperature parameter has to be positive
2019-11-21 09:26:44 INFO     PH EZO sensor: Temperature parameter has to be positive
2019-11-21 09:26:44 INFO     EC EZO sensor: Temperature parameter has to be positive
2019-11-21 09:26:50 INFO     PH EZO sensor: Temperature parameter has to be positive
2019-11-21 09:26:50 INFO     EC EZO sensor: Temperature parameter has to be positive
2019-11-21 09:26:55 INFO     PH EZO sensor: Temperature parameter has to be positive
2019-11-21 09:26:55 INFO     EC EZO sensor: Temperature parameter has to be positive
2019-11-21 09:27:00 INFO     PH EZO sensor: Temperature parameter has to be positive
2019-11-21 09:27:00 INFO     EC EZO sensor: Temperature parameter has to be positive
2019-11-21 09:27:04 INFO     PH EZO sensor: Temperature parameter has to be positive
2019-11-21 09:27:04 INFO     EC EZO sensor: Temperature parameter has to be positive
2019-11-21 09:27:09 INFO     PH EZO sensor: Temperature parameter has to be positive
2019-11-21 09:27:09 INFO     EC EZO sensor: Temperature parameter has to be positive
2019-11-21 09:27:14 INFO     PH EZO sensor: Temperature parameter has to be positive
2019-11-21 09:27:14 INFO     EC EZO sensor: Temperature parameter has to be positive
2019-11-21 09:27:19 INFO     PH EZO sensor: Temperature parameter has to be positive
2019-11-21 09:27:19 INFO     EC EZO sensor: Temperature parameter has to be positive
2019-11-21 09:27:24 INFO     PH EZO sensor: Temperature parameter has to be positive
2019-11-21 09:27:24 INFO     EC EZO sensor: Temperature parameter has to be positive
2019-11-21 09:27:29 INFO     PH EZO sensor: Temperature parameter has to be positive
2019-11-21 09:27:29 INFO     EC EZO sensor: Temperature parameter has to be positive
2019-11-21 09:27:34 INFO     PH EZO sensor: Temperature parameter has to be positive
2019-11-21 09:27:34 INFO     EC EZO sensor: Temperature parameter has to be positive
2019-11-21 09:27:39 INFO     PH EZO sensor: Temperature parameter has to be positive
2019-11-21 09:27:39 INFO     EC EZO sensor: Temperature parameter has to be positive
2019-11-21 09:27:44 INFO     PH EZO sensor: Temperature parameter has to be positive
2019-11-21 09:27:44 INFO     EC EZO sensor: Temperature parameter has to be positive
2019-11-21 09:27:49 INFO     PH EZO sensor: Temperature parameter has to be positive
2019-11-21 09:27:49 INFO     EC EZO sensor: Temperature parameter has to be positive
2019-11-21 09:27:54 INFO     PH EZO sensor: Temperature parameter has to be positive
2019-11-21 09:27:54 INFO     EC EZO sensor: Temperature parameter has to be positive
2019-11-21 09:28:00 INFO     PH EZO sensor: Temperature parameter has to be positive
2019-11-21 09:28:00 INFO     EC EZO sensor: Temperature parameter has to be positive
2019-11-21 09:28:05 INFO     PH EZO sensor: Temperature parameter has to be positive
2019-11-21 09:28:05 INFO     EC EZO sensor: Temperature parameter has to be positive
2019-11-21 09:28:10 INFO     PH EZO sensor: Temperature parameter has to be positive
2019-11-21 09:28:10 INFO     EC EZO sensor: Temperature parameter has to be positive
2019-11-21 09:28:14 INFO     PH EZO sensor: Temperature parameter has to be positive
2019-11-21 09:28:14 INFO     EC EZO sensor: Temperature parameter has to be positive
2019-11-21 09:28:19 INFO     PH EZO sensor: Temperature parameter has to be positive
2019-11-21 09:28:19 INFO     EC EZO sensor: Temperature parameter has to be positive
2019-11-21 09:28:24 INFO     PH EZO sensor: Temperature parameter has to be positive
2019-11-21 09:28:24 INFO     EC EZO sensor: Temperature parameter has to be positive
2019-11-21 09:28:29 INFO     PH EZO sensor: Temperature parameter has to be positive
2019-11-21 09:28:29 INFO     EC EZO sensor: Temperature parameter has to be positive
2019-11-21 09:28:34 INFO     PH EZO sensor: Temperature parameter has to be positive
2019-11-21 09:28:34 INFO     EC EZO sensor: Temperature parameter has to be positive
2019-11-21 09:28:39 INFO     PH EZO sensor: Temperature parameter has to be positive
2019-11-21 09:28:39 INFO     EC EZO sensor: Temperature parameter has to be positive
2019-11-21 09:28:44 INFO     PH EZO sensor: Temperature parameter has to be positive
2019-11-21 09:28:44 INFO     EC EZO sensor: Temperature parameter has to be positive
2019-11-21 09:28:49 INFO     PH EZO sensor: Temperature parameter has to be positive
2019-11-21 09:28:49 INFO     EC EZO sensor: Temperature parameter has to be positive
2019-11-21 09:28:54 INFO     PH EZO sensor: Temperature parameter has to be positive
2019-11-21 09:28:54 INFO     EC EZO sensor: Temperature parameter has to be positive
2019-11-21 09:28:59 INFO     PH EZO sensor: Temperature parameter has to be positive
2019-11-21 09:28:59 INFO     EC EZO sensor: Temperature parameter has to be positive
2019-11-21 09:29:04 INFO     PH EZO sensor: Temperature parameter has to be positive
2019-11-21 09:29:04 INFO     EC EZO sensor: Temperature parameter has to be positive
2019-11-21 09:29:09 INFO     PH EZO sensor: Temperature parameter has to be positive
2019-11-21 09:29:09 INFO     EC EZO sensor: Temperature parameter has to be positive
2019-11-21 09:29:15 INFO     PH EZO sensor: Temperature parameter has to be positive
2019-11-21 09:29:15 INFO     EC EZO sensor: Temperature parameter has to be positive
2019-11-21 09:29:20 INFO     PH EZO sensor: Temperature parameter has to be positive
2019-11-21 09:29:20 INFO     EC EZO sensor: Temperature parameter has to be positive
2019-11-21 09:29:25 INFO     PH EZO sensor: Temperature parameter has to be positive
2019-11-21 09:29:25 INFO     EC EZO sensor: Temperature parameter has to be positive
2019-11-21 09:29:30 INFO     PH EZO sensor: Temperature parameter has to be positive
2019-11-21 09:29:30 INFO     EC EZO sensor: Temperature parameter has to be positive
2019-11-21 09:29:35 INFO     PH EZO sensor: Temperature parameter has to be positive
2019-11-21 09:29:35 INFO     EC EZO sensor: Temperature parameter has to be positive
2019-11-21 09:29:40 INFO     PH EZO sensor: Temperature parameter has to be positive
2019-11-21 09:29:40 INFO     EC EZO sensor: Temperature parameter has to be positive
2019-11-21 09:29:45 INFO     PH EZO sensor: Temperature parameter has to be positive
2019-11-21 09:29:45 INFO     EC EZO sensor: Temperature parameter has to be positive
2019-11-21 09:29:49 INFO     PH EZO sensor: Temperature parameter has to be positive
2019-11-21 09:29:49 INFO     EC EZO sensor: Temperature parameter has to be positive
2019-11-21 09:29:54 INFO     PH EZO sensor: Temperature parameter has to be positive
2019-11-21 09:29:54 INFO     EC EZO sensor: Temperature parameter has to be positive
2019-11-21 09:29:59 INFO     PH EZO sensor: Temperature parameter has to be positive
2019-11-21 09:29:59 INFO     EC EZO sensor: Temperature parameter has to be positive
2019-11-21 09:30:04 INFO     PH EZO sensor: Temperature parameter has to be positive
2019-11-21 09:30:04 INFO     EC EZO sensor: Temperature parameter has to be positive
2019-11-21 09:30:09 INFO     PH EZO sensor: Temperature parameter has to be positive
2019-11-21 09:30:09 INFO     EC EZO sensor: Temperature parameter has to be positive
2019-11-21 09:30:14 INFO     PH EZO sensor: Temperature parameter has to be positive
2019-11-21 09:30:14 INFO     EC EZO sensor: Temperature parameter has to be positive
2019-11-21 09:30:19 INFO     PH EZO sensor: Temperature parameter has to be positive
2019-11-21 09:30:19 INFO     EC EZO sensor: Temperature parameter has to be positive
2019-11-21 09:30:24 INFO     PH EZO sensor: Temperature parameter has to be positive
2019-11-21 09:30:24 INFO     EC EZO sensor: Temperature parameter has to be positive
2019-11-21 09:30:29 INFO     PH EZO sensor: Temperature parameter has to be positive
2019-11-21 09:30:29 INFO     EC EZO sensor: Temperature parameter has to be positive
2019-11-21 09:30:35 INFO     PH EZO sensor: Temperature parameter has to be positive
2019-11-21 09:30:35 INFO     EC EZO sensor: Temperature parameter has to be positive
2019-11-21 09:30:40 INFO     PH EZO sensor: Temperature parameter has to be positive
2019-11-21 09:30:40 INFO     EC EZO sensor: Temperature parameter has to be positive
2019-11-21 09:30:45 INFO     PH EZO sensor: Temperature parameter has to be positive
2019-11-21 09:30:45 INFO     EC EZO sensor: Temperature parameter has to be positive
2019-11-21 09:30:50 INFO     PH EZO sensor: Temperature parameter has to be positive
2019-11-21 09:30:50 INFO     EC EZO sensor: Temperature parameter has to be positive
2019-11-21 09:30:55 INFO     PH EZO sensor: Temperature parameter has to be positive
2019-11-21 09:30:55 INFO     EC EZO sensor: Temperature parameter has to be positive
2019-11-21 09:31:00 INFO     PH EZO sensor: Temperature parameter has to be positive
2019-11-21 09:31:00 INFO     EC EZO sensor: Temperature parameter has to be positive
2019-11-21 09:31:04 INFO     PH EZO sensor: Temperature parameter has to be positive
2019-11-21 09:31:04 INFO     EC EZO sensor: Temperature parameter has to be positive
2019-11-21 09:31:09 INFO     PH EZO sensor: Temperature parameter has to be positive
2019-11-21 09:31:09 INFO     EC EZO sensor: Temperature parameter has to be positive
2019-11-21 09:31:14 INFO     PH EZO sensor: Temperature parameter has to be positive
2019-11-21 09:31:14 INFO     EC EZO sensor: Temperature parameter has to be positive
2019-11-21 09:31:19 INFO     PH EZO sensor: Temperature parameter has to be positive
2019-11-21 09:31:19 INFO     EC EZO sensor: Temperature parameter has to be positive
2019-11-21 09:31:24 INFO     PH EZO sensor: Temperature parameter has to be positive
2019-11-21 09:31:24 INFO     EC EZO sensor: Temperature parameter has to be positive
2019-11-21 09:31:29 INFO     PH EZO sensor: Temperature parameter has to be positive
2019-11-21 09:31:29 INFO     EC EZO sensor: Temperature parameter has to be positive
2019-11-21 09:31:34 INFO     PH EZO sensor: Temperature parameter has to be positive
2019-11-21 09:31:34 INFO     EC EZO sensor: Temperature parameter has to be positive
2019-11-21 09:31:39 INFO     PH EZO sensor: Temperature parameter has to be positive
2019-11-21 09:31:39 INFO     EC EZO sensor: Temperature parameter has to be positive
2019-11-21 09:31:44 INFO     PH EZO sensor: Temperature parameter has to be positive
2019-11-21 09:31:44 INFO     EC EZO sensor: Temperature parameter has to be positive
2019-11-21 09:31:49 INFO     PH EZO sensor: Temperature parameter has to be positive
2019-11-21 09:31:49 INFO     EC EZO sensor: Temperature parameter has to be positive
2019-11-21 09:31:54 INFO     PH EZO sensor: Temperature parameter has to be positive
2019-11-21 09:31:54 INFO     EC EZO sensor: Temperature parameter has to be positive
2019-11-21 09:31:59 INFO     PH EZO sensor: Temperature parameter has to be positive
2019-11-21 09:32:00 INFO     EC EZO sensor: Temperature parameter has to be positive
2019-11-21 09:32:05 INFO     PH EZO sensor: Temperature parameter has to be positive
2019-11-21 09:32:05 INFO     EC EZO sensor: Temperature parameter has to be positive
2019-11-21 09:32:10 INFO     PH EZO sensor: Temperature parameter has to be positive
2019-11-21 09:32:10 INFO     EC EZO sensor: Temperature parameter has to be positive
2019-11-21 09:32:15 INFO     PH EZO sensor: Temperature parameter has to be positive
2019-11-21 09:32:15 INFO     EC EZO sensor: Temperature parameter has to be positive
2019-11-21 09:32:20 INFO     PH EZO sensor: Temperature parameter has to be positive
2019-11-21 09:32:20 INFO     EC EZO sensor: Temperature parameter has to be positive
2019-11-21 09:32:25 INFO     PH EZO sensor: Temperature parameter has to be positive
2019-11-21 09:32:25 INFO     EC EZO sensor: Temperature parameter has to be positive
2019-11-21 09:32:30 INFO     PH EZO sensor: Temperature parameter has to be positive
2019-11-21 09:32:30 INFO     EC EZO sensor: Temperature parameter has to be positive
2019-11-21 09:32:35 INFO     PH EZO sensor: Temperature parameter has to be positive
2019-11-21 09:32:35 INFO     EC EZO sensor: Temperature parameter has to be positive
2019-11-21 09:32:40 INFO     PH EZO sensor: Temperature parameter has to be positive
2019-11-21 09:32:40 INFO     EC EZO sensor: Temperature parameter has to be positive
2019-11-21 09:32:45 INFO     PH EZO sensor: Temperature parameter has to be positive
2019-11-21 09:32:45 INFO     EC EZO sensor: Temperature parameter has to be positive
2019-11-21 09:32:50 INFO     PH EZO sensor: Temperature parameter has to be positive
2019-11-21 09:32:50 INFO     EC EZO sensor: Temperature parameter has to be positive
2019-11-21 09:32:54 INFO     PH EZO sensor: Temperature parameter has to be positive
2019-11-21 09:32:54 INFO     EC EZO sensor: Temperature parameter has to be positive
2019-11-21 09:32:59 INFO     PH EZO sensor: Temperature parameter has to be positive
2019-11-21 09:32:59 INFO     EC EZO sensor: Temperature parameter has to be positive
2019-11-21 09:33:04 INFO     PH EZO sensor: Temperature parameter has to be positive
2019-11-21 09:33:04 INFO     EC EZO sensor: Temperature parameter has to be positive
2019-11-21 09:33:09 INFO     PH EZO sensor: Temperature parameter has to be positive
2019-11-21 09:33:09 INFO     EC EZO sensor: Temperature parameter has to be positive
2019-11-21 09:33:14 INFO     PH EZO sensor: Temperature parameter has to be positive
2019-11-21 09:33:14 INFO     EC EZO sensor: Temperature parameter has to be positive
2019-11-21 09:33:19 INFO     PH EZO sensor: Temperature parameter has to be positive
2019-11-21 09:33:19 INFO     EC EZO sensor: Temperature parameter has to be positive
2019-11-21 09:33:24 INFO     PH EZO sensor: Temperature parameter has to be positive
2019-11-21 09:33:24 INFO     EC EZO sensor: Temperature parameter has to be positive
2019-11-21 09:33:29 INFO     PH EZO sensor: Temperature parameter has to be positive
2019-11-21 09:33:29 INFO     EC EZO sensor: Temperature parameter has to be positive
2019-11-21 09:33:34 INFO     PH EZO sensor: Temperature parameter has to be positive
2019-11-21 09:33:34 INFO     EC EZO sensor: Temperature parameter has to be positive
2019-11-21 09:33:39 INFO     PH EZO sensor: Temperature parameter has to be positive
2019-11-21 09:33:40 INFO     EC EZO sensor: Temperature parameter has to be positive
2019-11-21 09:33:45 INFO     PH EZO sensor: Temperature parameter has to be positive
2019-11-21 09:33:45 INFO     EC EZO sensor: Temperature parameter has to be positive
2019-11-21 09:33:50 INFO     PH EZO sensor: Temperature parameter has to be positive
2019-11-21 09:33:50 INFO     EC EZO sensor: Temperature parameter has to be positive
2019-11-21 09:33:55 INFO     PH EZO sensor: Temperature parameter has to be positive
2019-11-21 09:33:55 INFO     EC EZO sensor: Temperature parameter has to be positive
2019-11-21 09:34:00 INFO     PH EZO sensor: Temperature parameter has to be positive
2019-11-21 09:34:00 INFO     EC EZO sensor: Temperature parameter has to be positive
2019-11-21 09:34:05 INFO     PH EZO sensor: Temperature parameter has to be positive
2019-11-21 09:34:05 INFO     EC EZO sensor: Temperature parameter has to be positive
2019-11-21 09:34:10 INFO     PH EZO sensor: Temperature parameter has to be positive
2019-11-21 09:34:10 INFO     EC EZO sensor: Temperature parameter has to be positive
2019-11-21 09:34:15 INFO     PH EZO sensor: Temperature parameter has to be positive
2019-11-21 09:34:15 INFO     EC EZO sensor: Temperature parameter has to be positive
2019-11-21 09:34:20 INFO     PH EZO sensor: Temperature parameter has to be positive
2019-11-21 09:34:20 INFO     EC EZO sensor: Temperature parameter has to be positive
2019-11-21 09:34:25 INFO     PH EZO sensor: Temperature parameter has to be positive
2019-11-21 09:34:25 INFO     EC EZO sensor: Temperature parameter has to be positive
2019-11-21 09:34:30 INFO     PH EZO sensor: Temperature parameter has to be positive
2019-11-21 09:34:30 INFO     EC EZO sensor: Temperature parameter has to be positive
2019-11-21 09:34:35 INFO     PH EZO sensor: Temperature parameter has to be positive
2019-11-21 09:34:35 INFO     EC EZO sensor: Temperature parameter has to be positive
2019-11-21 09:34:40 INFO     PH EZO sensor: Temperature parameter has to be positive
2019-11-21 09:34:40 INFO     EC EZO sensor: Temperature parameter has to be positive
2019-11-21 09:34:45 INFO     PH EZO sensor: Temperature parameter has to be positive
2019-11-21 09:34:45 INFO     EC EZO sensor: Temperature parameter has to be positive
2019-11-21 09:34:50 INFO     PH EZO sensor: Temperature parameter has to be positive
2019-11-21 09:34:50 INFO     EC EZO sensor: Temperature parameter has to be positive
2019-11-21 09:34:54 INFO     PH EZO sensor: Temperature parameter has to be positive
2019-11-21 09:34:54 INFO     EC EZO sensor: Temperature parameter has to be positive
2019-11-21 09:34:59 INFO     PH EZO sensor: Temperature parameter has to be positive
2019-11-21 09:34:59 INFO     EC EZO sensor: Temperature parameter has to be positive
2019-11-21 09:35:04 INFO     PH EZO sensor: Temperature parameter has to be positive
2019-11-21 09:35:04 INFO     EC EZO sensor: Temperature parameter has to be positive
2019-11-21 09:35:09 INFO     PH EZO sensor: Temperature parameter has to be positive
2019-11-21 09:35:09 INFO     EC EZO sensor: Temperature parameter has to be positive
2019-11-21 09:35:15 INFO     PH EZO sensor: Temperature parameter has to be positive
2019-11-21 09:35:15 INFO     EC EZO sensor: Temperature parameter has to be positive
2019-11-21 09:35:20 INFO     PH EZO sensor: Temperature parameter has to be positive
2019-11-21 09:35:20 INFO     EC EZO sensor: Temperature parameter has to be positive
2019-11-21 09:35:25 INFO     PH EZO sensor: Temperature parameter has to be positive
2019-11-21 09:35:25 INFO     EC EZO sensor: Temperature parameter has to be positive
2019-11-21 09:35:30 INFO     PH EZO sensor: Temperature parameter has to be positive
2019-11-21 09:35:30 INFO     EC EZO sensor: Temperature parameter has to be positive
2019-11-21 09:35:35 INFO     PH EZO sensor: Temperature parameter has to be positive
2019-11-21 09:35:35 INFO     EC EZO sensor: Temperature parameter has to be positive
2019-11-21 09:35:40 INFO     PH EZO sensor: Temperature parameter has to be positive
2019-11-21 09:35:40 INFO     EC EZO sensor: Temperature parameter has to be positive
2019-11-21 09:35:45 INFO     PH EZO sensor: Temperature parameter has to be positive
2019-11-21 09:35:45 INFO     EC EZO sensor: Temperature parameter has to be positive
2019-11-21 09:35:50 INFO     PH EZO sensor: Temperature parameter has to be positive
2019-11-21 09:35:50 INFO     EC EZO sensor: Temperature parameter has to be positive
2019-11-21 09:35:55 INFO     PH EZO sensor: Temperature parameter has to be positive
2019-11-21 09:35:55 INFO     EC EZO sensor: Temperature parameter has to be positive
2019-11-21 09:36:00 INFO     PH EZO sensor: Temperature parameter has to be positive
2019-11-21 09:36:00 INFO     EC EZO sensor: Temperature parameter has to be positive
2019-11-21 09:36:05 INFO     PH EZO sensor: Temperature parameter has to be positive
2019-11-21 09:36:05 INFO     EC EZO sensor: Temperature parameter has to be positive
2019-11-21 09:36:10 INFO     PH EZO sensor: Temperature parameter has to be positive
2019-11-21 09:36:10 INFO     EC EZO sensor: Temperature parameter has to be positive
2019-11-21 09:36:15 INFO     PH EZO sensor: Temperature parameter has to be positive
2019-11-21 09:36:15 INFO     EC EZO sensor: Temperature parameter has to be positive
2019-11-21 09:36:20 INFO     PH EZO sensor: Temperature parameter has to be positive
2019-11-21 09:36:20 INFO     EC EZO sensor: Temperature parameter has to be positive
2019-11-21 09:36:25 INFO     PH EZO sensor: Temperature parameter has to be positive
2019-11-21 09:36:25 INFO     EC EZO sensor: Temperature parameter has to be positive
2019-11-21 09:36:29 INFO     PH EZO sensor: Temperature parameter has to be positive
2019-11-21 09:36:29 INFO     EC EZO sensor: Temperature parameter has to be positive
2019-11-21 09:36:34 INFO     PH EZO sensor: Temperature parameter has to be positive
2019-11-21 09:36:34 INFO     EC EZO sensor: Temperature parameter has to be positive
2019-11-21 09:36:39 INFO     PH EZO sensor: Temperature parameter has to be positive
2019-11-21 09:36:39 INFO     EC EZO sensor: Temperature parameter has to be positive
2019-11-21 09:36:44 INFO     PH EZO sensor: Temperature parameter has to be positive
2019-11-21 09:36:44 INFO     EC EZO sensor: Temperature parameter has to be positive
2019-11-21 09:36:49 INFO     PH EZO sensor: Temperature parameter has to be positive
2019-11-21 09:36:49 INFO     EC EZO sensor: Temperature parameter has to be positive
2019-11-21 09:36:54 INFO     PH EZO sensor: Temperature parameter has to be positive
2019-11-21 09:36:54 INFO     EC EZO sensor: Temperature parameter has to be positive
2019-11-21 09:36:59 INFO     PH EZO sensor: Temperature parameter has to be positive
2019-11-21 09:36:59 INFO     EC EZO sensor: Temperature parameter has to be positive
2019-11-21 09:37:05 INFO     PH EZO sensor: Temperature parameter has to be positive
2019-11-21 09:37:05 INFO     EC EZO sensor: Temperature parameter has to be positive
2019-11-21 09:37:10 INFO     PH EZO sensor: Temperature parameter has to be positive
2019-11-21 09:37:10 INFO     EC EZO sensor: Temperature parameter has to be positive
2019-11-21 09:37:15 INFO     PH EZO sensor: Temperature parameter has to be positive
2019-11-21 09:37:15 INFO     EC EZO sensor: Temperature parameter has to be positive
2019-11-21 09:37:20 INFO     PH EZO sensor: Temperature parameter has to be positive
2019-11-21 09:37:20 INFO     EC EZO sensor: Temperature parameter has to be positive
2019-11-21 09:37:25 INFO     PH EZO sensor: Temperature parameter has to be positive
2019-11-21 09:37:25 INFO     EC EZO sensor: Temperature parameter has to be positive
2019-11-21 09:37:30 INFO     PH EZO sensor: Temperature parameter has to be positive
2019-11-21 09:37:30 INFO     EC EZO sensor: Temperature parameter has to be positive
2019-11-21 09:37:35 INFO     PH EZO sensor: Temperature parameter has to be positive
2019-11-21 09:37:35 INFO     EC EZO sensor: Temperature parameter has to be positive
2019-11-21 09:37:40 INFO     PH EZO sensor: Temperature parameter has to be positive
2019-11-21 09:37:40 INFO     EC EZO sensor: Temperature parameter has to be positive
2019-11-21 12:09:15 INFO     Solution Maker: Starting...
2019-11-21 12:09:19 INFO     PH EZO sensor: Started corrrectly
2019-11-21 12:09:20 INFO     EC EZO sensor: Started corrrectly
2019-11-21 12:09:20 INFO     Solution Maker (Temperature readings): It is using an exponencial filter with Alpha = 0.20
2019-11-21 12:09:23 INFO     Solution Maker: Started Correctly
2019-11-21 12:09:23 INFO     Solution Maker (Motor 1): 50 is the new calibration param (motors/pumps)
2019-11-21 12:09:23 INFO     Solution Maker (Motor 2): 50 is the new calibration param (motors/pumps)
2019-11-21 12:09:23 INFO     Solution Maker (Motor 3): 50 is the new calibration param (motors/pumps)
2019-11-21 12:09:23 INFO     Solution Maker (Motor 4): 50 is the new calibration param (motors/pumps)
2019-11-21 12:09:23 INFO     Solution Maker (Pump 1): 186 is the new calibration param (motors/pumps)
2019-11-21 12:09:23 INFO     Solution Maker (Pump 2): 155 is the new calibration param (motors/pumps)
2019-11-21 12:09:23 INFO     Solution Maker (Motor 1): 83 is the new calibration param (ph/ec equations)
2019-11-21 12:09:23 INFO     Solution Maker (Motor 2): 195 is the new calibration param (ph/ec equations)
2019-11-21 12:09:23 INFO     Solution Maker (Motor 3): 107 is the new calibration param (ph/ec equations)
2019-11-21 12:09:23 INFO     Solution Maker (Motor 4): 207 is the new calibration param (ph/ec equations)
2019-11-21 12:09:23 INFO     Solution Maker (Pump 1): 40 is the new calibration param (ph/ec equations)
2019-11-21 12:09:23 INFO     Solution Maker (Pump 2): 40 is the new calibration param (ph/ec equations)
2019-11-21 12:09:23 INFO     EEPROM calibration parameters readed and charged
2019-11-21 12:11:45 INFO     Solution Maker (LCD Screen): Button Pressed
2019-11-21 12:21:04 INFO     Solution Maker (LCD Screen): Button Pressed
2019-11-21 13:02:21 INFO     Solution Maker: Starting...
2019-11-21 13:02:26 INFO     PH EZO sensor: Started corrrectly
2019-11-21 13:02:26 INFO     EC EZO sensor: Started corrrectly
2019-11-21 13:02:26 INFO     Solution Maker (Temperature readings): It is using an exponencial filter with Alpha = 0.20
2019-11-21 13:02:29 INFO     Solution Maker: Started Correctly
2019-11-21 13:02:29 INFO     Solution Maker (Motor 1): 50 is the new calibration param (motors/pumps)
2019-11-21 13:02:29 INFO     Solution Maker (Motor 2): 50 is the new calibration param (motors/pumps)
2019-11-21 13:02:29 INFO     Solution Maker (Motor 3): 50 is the new calibration param (motors/pumps)
2019-11-21 13:02:29 INFO     Solution Maker (Motor 4): 50 is the new calibration param (motors/pumps)
2019-11-21 13:02:29 INFO     Solution Maker (Pump 1): 186 is the new calibration param (motors/pumps)
2019-11-21 13:02:29 INFO     Solution Maker (Pump 2): 155 is the new calibration param (motors/pumps)
2019-11-21 13:02:29 INFO     Solution Maker (Motor 1): 83 is the new calibration param (ph/ec equations)
2019-11-21 13:02:29 INFO     Solution Maker (Motor 2): 195 is the new calibration param (ph/ec equations)
2019-11-21 13:02:29 INFO     Solution Maker (Motor 3): 107 is the new calibration param (ph/ec equations)
2019-11-21 13:02:29 INFO     Solution Maker (Motor 4): 207 is the new calibration param (ph/ec equations)
2019-11-21 13:02:29 INFO     Solution Maker (Pump 1): 40 is the new calibration param (ph/ec equations)
2019-11-21 13:02:29 INFO     Solution Maker (Pump 2): 40 is the new calibration param (ph/ec equations)
2019-11-21 13:02:29 INFO     EEPROM calibration parameters readed and charged
2019-11-21 13:30:21 INFO     Solution Maker (LCD Screen): Button Pressed
2019-11-21 13:57:50 INFO     Solution Maker (LCD Screen): Button Pressed
2019-11-21 13:58:03 INFO     Solution Maker (LCD Screen): Button Pressed
2019-11-21 13:58:14 INFO     Solution Maker (LCD Screen): Button Pressed
2019-11-21 14:32:58 INFO     Solution Maker: Starting...
2019-11-21 14:33:02 INFO     PH EZO sensor: Started corrrectly
2019-11-21 14:33:02 INFO     EC EZO sensor: Started corrrectly
2019-11-21 14:33:02 INFO     Solution Maker (Temperature readings): It is using an exponencial filter with Alpha = 0.20
2019-11-21 14:33:05 INFO     Solution Maker: Started Correctly
2019-11-21 14:33:05 INFO     Solution Maker (Motor 1): 50 is the new calibration param (motors/pumps)
2019-11-21 14:33:05 INFO     Solution Maker (Motor 2): 50 is the new calibration param (motors/pumps)
2019-11-21 14:33:05 INFO     Solution Maker (Motor 3): 50 is the new calibration param (motors/pumps)
2019-11-21 14:33:05 INFO     Solution Maker (Motor 4): 50 is the new calibration param (motors/pumps)
2019-11-21 14:33:05 INFO     Solution Maker (Pump 1): 186 is the new calibration param (motors/pumps)
2019-11-21 14:33:05 INFO     Solution Maker (Pump 2): 155 is the new calibration param (motors/pumps)
2019-11-21 14:33:05 INFO     Solution Maker (Motor 1): 83 is the new calibration param (ph/ec equations)
2019-11-21 14:33:05 INFO     Solution Maker (Motor 2): 195 is the new calibration param (ph/ec equations)
2019-11-21 14:33:05 INFO     Solution Maker (Motor 3): 107 is the new calibration param (ph/ec equations)
2019-11-21 14:33:05 INFO     Solution Maker (Motor 4): 207 is the new calibration param (ph/ec equations)
2019-11-21 14:33:05 INFO     Solution Maker (Pump 1): 40 is the new calibration param (ph/ec equations)
2019-11-21 14:33:05 INFO     Solution Maker (Pump 2): 40 is the new calibration param (ph/ec equations)
2019-11-21 14:33:05 INFO     EEPROM calibration parameters readed and charged
2019-11-21 14:34:42 INFO     Solution Maker: Starting...
2019-11-21 14:34:47 INFO     PH EZO sensor: Started corrrectly
2019-11-21 14:34:47 INFO     EC EZO sensor: Started corrrectly
2019-11-21 14:34:47 INFO     Solution Maker (Temperature readings): It is using an exponencial filter with Alpha = 0.20
2019-11-21 14:34:50 INFO     Solution Maker: Started Correctly
2019-11-21 14:34:50 INFO     Solution Maker (Motor 1): 50 is the new calibration param (motors/pumps)
2019-11-21 14:34:50 INFO     Solution Maker (Motor 2): 50 is the new calibration param (motors/pumps)
2019-11-21 14:34:50 INFO     Solution Maker (Motor 3): 50 is the new calibration param (motors/pumps)
2019-11-21 14:34:50 INFO     Solution Maker (Motor 4): 50 is the new calibration param (motors/pumps)
2019-11-21 14:34:50 INFO     Solution Maker (Pump 1): 186 is the new calibration param (motors/pumps)
2019-11-21 14:34:50 INFO     Solution Maker (Pump 2): 155 is the new calibration param (motors/pumps)
2019-11-21 14:34:50 INFO     Solution Maker (Motor 1): 83 is the new calibration param (ph/ec equations)
2019-11-21 14:34:50 INFO     Solution Maker (Motor 2): 195 is the new calibration param (ph/ec equations)
2019-11-21 14:34:50 INFO     Solution Maker (Motor 3): 107 is the new calibration param (ph/ec equations)
2019-11-21 14:34:50 INFO     Solution Maker (Motor 4): 207 is the new calibration param (ph/ec equations)
2019-11-21 14:34:50 INFO     Solution Maker (Pump 1): 40 is the new calibration param (ph/ec equations)
2019-11-21 14:34:50 INFO     Solution Maker (Pump 2): 40 is the new calibration param (ph/ec equations)
2019-11-21 14:34:50 INFO     EEPROM calibration parameters readed and charged
2019-11-21 14:35:04 INFO     Request accepted
2019-11-21 14:35:04 WARNING  Preparing 82.45 liters of solution 2 with ph=6.50
2019-11-21 14:35:14 INFO     Solution Finished
2019-11-21 14:55:08 INFO     Solution Maker: Starting...
2019-11-21 14:55:12 INFO     PH EZO sensor: Started corrrectly
2019-11-21 14:55:12 INFO     EC EZO sensor: Started corrrectly
2019-11-21 14:55:12 INFO     Solution Maker (Temperature readings): It is using an exponencial filter with Alpha = 0.20
2019-11-21 14:55:15 INFO     Solution Maker: Started Correctly
2019-11-21 14:55:15 INFO     Solution Maker (Motor 1): 50 is the new calibration param (motors/pumps)
2019-11-21 14:55:15 INFO     Solution Maker (Motor 2): 50 is the new calibration param (motors/pumps)
2019-11-21 14:55:15 INFO     Solution Maker (Motor 3): 50 is the new calibration param (motors/pumps)
2019-11-21 14:55:15 INFO     Solution Maker (Motor 4): 50 is the new calibration param (motors/pumps)
2019-11-21 14:55:15 INFO     Solution Maker (Pump 1): 186 is the new calibration param (motors/pumps)
2019-11-21 14:55:15 INFO     Solution Maker (Pump 2): 155 is the new calibration param (motors/pumps)
2019-11-21 14:55:15 INFO     Solution Maker (Motor 1): 83 is the new calibration param (ph/ec equations)
2019-11-21 14:55:15 INFO     Solution Maker (Motor 2): 195 is the new calibration param (ph/ec equations)
2019-11-21 14:55:15 INFO     Solution Maker (Motor 3): 107 is the new calibration param (ph/ec equations)
2019-11-21 14:55:15 INFO     Solution Maker (Motor 4): 207 is the new calibration param (ph/ec equations)
2019-11-21 14:55:15 INFO     Solution Maker (Pump 1): 40 is the new calibration param (ph/ec equations)
2019-11-21 14:55:15 INFO     Solution Maker (Pump 2): 40 is the new calibration param (ph/ec equations)
2019-11-21 14:55:15 INFO     EEPROM calibration parameters readed and charged
2019-11-21 15:08:03 INFO     Solution Maker: Starting...
2019-11-21 15:08:08 INFO     PH EZO sensor: Started corrrectly
2019-11-21 15:08:08 INFO     EC EZO sensor: Started corrrectly
2019-11-21 15:08:08 INFO     Solution Maker (Temperature readings): It is using an exponencial filter with Alpha = 0.20
2019-11-21 15:08:11 INFO     Solution Maker: Started Correctly
2019-11-21 15:08:11 INFO     Solution Maker (Motor 1): 50 is the new calibration param (motors/pumps)
2019-11-21 15:08:11 INFO     Solution Maker (Motor 2): 50 is the new calibration param (motors/pumps)
2019-11-21 15:08:11 INFO     Solution Maker (Motor 3): 50 is the new calibration param (motors/pumps)
2019-11-21 15:08:11 INFO     Solution Maker (Motor 4): 50 is the new calibration param (motors/pumps)
2019-11-21 15:08:11 INFO     Solution Maker (Pump 1): 186 is the new calibration param (motors/pumps)
2019-11-21 15:08:11 INFO     Solution Maker (Pump 2): 155 is the new calibration param (motors/pumps)
2019-11-21 15:08:11 INFO     Solution Maker (Motor 1): 83 is the new calibration param (ph/ec equations)
2019-11-21 15:08:11 INFO     Solution Maker (Motor 2): 195 is the new calibration param (ph/ec equations)
2019-11-21 15:08:11 INFO     Solution Maker (Motor 3): 107 is the new calibration param (ph/ec equations)
2019-11-21 15:08:11 INFO     Solution Maker (Motor 4): 207 is the new calibration param (ph/ec equations)
2019-11-21 15:08:11 INFO     Solution Maker (Pump 1): 40 is the new calibration param (ph/ec equations)
2019-11-21 15:08:11 INFO     Solution Maker (Pump 2): 40 is the new calibration param (ph/ec equations)
2019-11-21 15:08:11 INFO     EEPROM calibration parameters readed and charged
2019-11-21 15:09:27 INFO     Request accepted
2019-11-21 15:09:27 WARNING  Preparing 80.16 liters of solution 3 with ph=6.50
2019-11-21 15:09:36 INFO     Solution Finished
2019-11-21 15:16:19 INFO     Solution Maker: Starting...
2019-11-21 15:16:23 INFO     PH EZO sensor: Started corrrectly
2019-11-21 15:16:23 INFO     EC EZO sensor: Started corrrectly
2019-11-21 15:16:24 INFO     Solution Maker (Temperature readings): It is using an exponencial filter with Alpha = 0.20
2019-11-21 15:16:27 INFO     Solution Maker: Started Correctly
2019-11-21 15:16:27 INFO     Solution Maker (Motor 1): 50 is the new calibration param (motors/pumps)
2019-11-21 15:16:27 INFO     Solution Maker (Motor 2): 50 is the new calibration param (motors/pumps)
2019-11-21 15:16:27 INFO     Solution Maker (Motor 3): 50 is the new calibration param (motors/pumps)
2019-11-21 15:16:27 INFO     Solution Maker (Motor 4): 50 is the new calibration param (motors/pumps)
2019-11-21 15:16:27 INFO     Solution Maker (Pump 1): 186 is the new calibration param (motors/pumps)
2019-11-21 15:16:27 INFO     Solution Maker (Pump 2): 155 is the new calibration param (motors/pumps)
2019-11-21 15:16:27 INFO     Solution Maker (Motor 1): 83 is the new calibration param (ph/ec equations)
2019-11-21 15:16:27 INFO     Solution Maker (Motor 2): 195 is the new calibration param (ph/ec equations)
2019-11-21 15:16:27 INFO     Solution Maker (Motor 3): 107 is the new calibration param (ph/ec equations)
2019-11-21 15:16:27 INFO     Solution Maker (Motor 4): 207 is the new calibration param (ph/ec equations)
2019-11-21 15:16:27 INFO     Solution Maker (Pump 1): 40 is the new calibration param (ph/ec equations)
2019-11-21 15:16:27 INFO     Solution Maker (Pump 2): 40 is the new calibration param (ph/ec equations)
2019-11-21 15:16:27 INFO     EEPROM calibration parameters readed and charged
2019-11-21 15:22:13 INFO     Solution Maker (LCD Screen): Button Pressed
2019-11-21 15:27:01 INFO     Solution Maker (LCD Screen): Button Pressed
2019-11-21 15:29:21 INFO     Request accepted
2019-11-21 15:29:21 WARNING  Preparing 167.19 liters of solution 3 with ph=6.50
2019-11-21 15:29:31 INFO     Solution Finished
2019-11-21 15:45:42 INFO     Solution Maker: Starting...
2019-11-21 15:45:46 INFO     PH EZO sensor: Started corrrectly
2019-11-21 15:45:47 INFO     EC EZO sensor: Started corrrectly
2019-11-21 15:45:47 INFO     Solution Maker (Temperature readings): It is using an exponencial filter with Alpha = 0.20
2019-11-21 15:45:50 INFO     Solution Maker: Started Correctly
2019-11-21 15:45:50 INFO     Solution Maker (Motor 1): 50 is the new calibration param (motors/pumps)
2019-11-21 15:45:50 INFO     Solution Maker (Motor 2): 50 is the new calibration param (motors/pumps)
2019-11-21 15:45:50 INFO     Solution Maker (Motor 3): 50 is the new calibration param (motors/pumps)
2019-11-21 15:45:50 INFO     Solution Maker (Motor 4): 50 is the new calibration param (motors/pumps)
2019-11-21 15:45:50 INFO     Solution Maker (Pump 1): 186 is the new calibration param (motors/pumps)
2019-11-21 15:45:50 INFO     Solution Maker (Pump 2): 155 is the new calibration param (motors/pumps)
2019-11-21 15:45:50 INFO     Solution Maker (Motor 1): 83 is the new calibration param (ph/ec equations)
2019-11-21 15:45:50 INFO     Solution Maker (Motor 2): 195 is the new calibration param (ph/ec equations)
2019-11-21 15:45:50 INFO     Solution Maker (Motor 3): 107 is the new calibration param (ph/ec equations)
2019-11-21 15:45:50 INFO     Solution Maker (Motor 4): 207 is the new calibration param (ph/ec equations)
2019-11-21 15:45:50 INFO     Solution Maker (Pump 1): 40 is the new calibration param (ph/ec equations)
2019-11-21 15:45:50 INFO     Solution Maker (Pump 2): 40 is the new calibration param (ph/ec equations)
2019-11-21 15:45:50 INFO     EEPROM calibration parameters readed and charged
2019-11-21 15:53:08 INFO     Request accepted
2019-11-21 15:53:08 WARNING  Preparing 167.19 liters of solution 3 with ph=6.50
2019-11-21 15:53:17 INFO     Solution Finished
2019-11-21 17:08:40 INFO     Solution Maker: Starting...
2019-11-21 17:08:44 INFO     PH EZO sensor: Started corrrectly
2019-11-21 17:08:44 INFO     EC EZO sensor: Started corrrectly
2019-11-21 17:08:45 INFO     Solution Maker (Temperature readings): It is using an exponencial filter with Alpha = 0.20
2019-11-21 17:08:48 INFO     Solution Maker: Started Correctly
2019-11-21 17:08:48 INFO     Solution Maker (Motor 1): 50 is the new calibration param (motors/pumps)
2019-11-21 17:08:48 INFO     Solution Maker (Motor 2): 50 is the new calibration param (motors/pumps)
2019-11-21 17:08:48 INFO     Solution Maker (Motor 3): 50 is the new calibration param (motors/pumps)
2019-11-21 17:08:48 INFO     Solution Maker (Motor 4): 50 is the new calibration param (motors/pumps)
2019-11-21 17:08:48 INFO     Solution Maker (Pump 1): 186 is the new calibration param (motors/pumps)
2019-11-21 17:08:48 INFO     Solution Maker (Pump 2): 155 is the new calibration param (motors/pumps)
2019-11-21 17:08:48 INFO     Solution Maker (Motor 1): 83 is the new calibration param (ph/ec equations)
2019-11-21 17:08:48 INFO     Solution Maker (Motor 2): 195 is the new calibration param (ph/ec equations)
2019-11-21 17:08:48 INFO     Solution Maker (Motor 3): 107 is the new calibration param (ph/ec equations)
2019-11-21 17:08:48 INFO     Solution Maker (Motor 4): 207 is the new calibration param (ph/ec equations)
2019-11-21 17:08:48 INFO     Solution Maker (Pump 1): 40 is the new calibration param (ph/ec equations)
2019-11-21 17:08:48 INFO     Solution Maker (Pump 2): 40 is the new calibration param (ph/ec equations)
2019-11-21 17:08:48 INFO     EEPROM calibration parameters readed and charged
2019-11-21 17:17:58 INFO     Solution Maker: Starting...
2019-11-21 17:18:02 INFO     PH EZO sensor: Started corrrectly
2019-11-21 17:18:02 INFO     EC EZO sensor: Started corrrectly
2019-11-21 17:18:03 INFO     Solution Maker (Temperature readings): It is using an exponencial filter with Alpha = 0.20
2019-11-21 17:18:06 INFO     Solution Maker: Started Correctly
2019-11-21 17:18:06 INFO     Solution Maker (Motor 1): 50 is the new calibration param (motors/pumps)
2019-11-21 17:18:06 INFO     Solution Maker (Motor 2): 50 is the new calibration param (motors/pumps)
2019-11-21 17:18:06 INFO     Solution Maker (Motor 3): 50 is the new calibration param (motors/pumps)
2019-11-21 17:18:06 INFO     Solution Maker (Motor 4): 50 is the new calibration param (motors/pumps)
2019-11-21 17:18:06 INFO     Solution Maker (Pump 1): 186 is the new calibration param (motors/pumps)
2019-11-21 17:18:06 INFO     Solution Maker (Pump 2): 155 is the new calibration param (motors/pumps)
2019-11-21 17:18:06 INFO     Solution Maker (Motor 1): 83 is the new calibration param (ph/ec equations)
2019-11-21 17:18:06 INFO     Solution Maker (Motor 2): 195 is the new calibration param (ph/ec equations)
2019-11-21 17:18:06 INFO     Solution Maker (Motor 3): 107 is the new calibration param (ph/ec equations)
2019-11-21 17:18:06 INFO     Solution Maker (Motor 4): 207 is the new calibration param (ph/ec equations)
2019-11-21 17:18:06 INFO     Solution Maker (Pump 1): 40 is the new calibration param (ph/ec equations)
2019-11-21 17:18:06 INFO     Solution Maker (Pump 2): 40 is the new calibration param (ph/ec equations)
2019-11-21 17:18:06 INFO     EEPROM calibration parameters readed and charged
2019-11-21 17:18:57 INFO     Solution Maker: Starting...
2019-11-21 17:19:01 INFO     PH EZO sensor: Started corrrectly
2019-11-21 17:19:01 INFO     EC EZO sensor: Started corrrectly
2019-11-21 17:19:01 INFO     Solution Maker (Temperature readings): It is using an exponencial filter with Alpha = 0.20
2019-11-21 17:19:04 INFO     Solution Maker: Started Correctly
2019-11-21 17:19:04 INFO     Solution Maker (Motor 1): 50 is the new calibration param (motors/pumps)
2019-11-21 17:19:04 INFO     Solution Maker (Motor 2): 50 is the new calibration param (motors/pumps)
2019-11-21 17:19:04 INFO     Solution Maker (Motor 3): 50 is the new calibration param (motors/pumps)
2019-11-21 17:19:04 INFO     Solution Maker (Motor 4): 50 is the new calibration param (motors/pumps)
2019-11-21 17:19:04 INFO     Solution Maker (Pump 1): 186 is the new calibration param (motors/pumps)
2019-11-21 17:19:04 INFO     Solution Maker (Pump 2): 155 is the new calibration param (motors/pumps)
2019-11-21 17:19:04 INFO     Solution Maker (Motor 1): 83 is the new calibration param (ph/ec equations)
2019-11-21 17:19:04 INFO     Solution Maker (Motor 2): 195 is the new calibration param (ph/ec equations)
2019-11-21 17:19:04 INFO     Solution Maker (Motor 3): 107 is the new calibration param (ph/ec equations)
2019-11-21 17:19:04 INFO     Solution Maker (Motor 4): 207 is the new calibration param (ph/ec equations)
2019-11-21 17:19:04 INFO     Solution Maker (Pump 1): 40 is the new calibration param (ph/ec equations)
2019-11-21 17:19:04 INFO     Solution Maker (Pump 2): 40 is the new calibration param (ph/ec equations)
2019-11-21 17:19:04 INFO     EEPROM calibration parameters readed and charged
2019-11-21 17:48:08 INFO     Solution Maker: Starting...
2019-11-21 17:48:12 INFO     PH EZO sensor: Started corrrectly
2019-11-21 17:48:12 INFO     EC EZO sensor: Started corrrectly
2019-11-21 17:48:12 INFO     Solution Maker (Temperature readings): It is using an exponencial filter with Alpha = 0.20
2019-11-21 17:48:15 INFO     Solution Maker: Started Correctly
2019-11-21 17:48:15 INFO     Solution Maker (Motor 1): 50 is the new calibration param (motors/pumps)
2019-11-21 17:48:15 INFO     Solution Maker (Motor 2): 50 is the new calibration param (motors/pumps)
2019-11-21 17:48:15 INFO     Solution Maker (Motor 3): 50 is the new calibration param (motors/pumps)
2019-11-21 17:48:15 INFO     Solution Maker (Motor 4): 50 is the new calibration param (motors/pumps)
2019-11-21 17:48:15 INFO     Solution Maker (Pump 1): 186 is the new calibration param (motors/pumps)
2019-11-21 17:48:15 INFO     Solution Maker (Pump 2): 155 is the new calibration param (motors/pumps)
2019-11-21 17:48:15 INFO     Solution Maker (Motor 1): 83 is the new calibration param (ph/ec equations)
2019-11-21 17:48:15 INFO     Solution Maker (Motor 2): 195 is the new calibration param (ph/ec equations)
2019-11-21 17:48:15 INFO     Solution Maker (Motor 3): 107 is the new calibration param (ph/ec equations)
2019-11-21 17:48:15 INFO     Solution Maker (Motor 4): 207 is the new calibration param (ph/ec equations)
2019-11-21 17:48:15 INFO     Solution Maker (Pump 1): 40 is the new calibration param (ph/ec equations)
2019-11-21 17:48:15 INFO     Solution Maker (Pump 2): 40 is the new calibration param (ph/ec equations)
2019-11-21 17:48:15 INFO     EEPROM calibration parameters readed and charged
2019-11-21 18:15:57 INFO     Solution Maker (LCD Screen): Button Pressed
2019-11-21 18:19:28 INFO     Request accepted
2019-11-21 18:19:28 WARNING  Preparing 94.30 liters of solution 1 with ph=6.50
2019-11-21 18:19:38 INFO     Solution Finished
2019-11-21 18:19:38 INFO     Solution Maker (EZO Sensors): They are not available
2019-11-21 18:19:38 INFO     EC EZO sensor: Request Failed
2019-11-21 18:58:55 INFO     Solution Maker (LCD Screen): Button Pressed
